The system is: Linux - 3.10.0-957.1.3.el7.x86_64 - x86_64
Compiling the C compiler identification source file "CMakeCCompilerId.c" succeeded.
Compiler: /com/gcc/11.1.0/bin/gcc 
Build flags: 
Id flags:  

The output was:
0


Compilation of the C compiler identification source "CMakeCCompilerId.c" produced "a.out"

The C compiler identification is GNU, found in "/home/aurelien.vadrot/TOOLS/smarties/build/CMakeFiles/3.20.2/CompilerIdC/a.out"

Compiling the CXX compiler identification source file "CMakeCXXCompilerId.cpp" succeeded.
Compiler: /com/gcc/11.1.0/bin/g++ 
Build flags: 
Id flags:  

The output was:
0


Compilation of the CXX compiler identification source "CMakeCXXCompilerId.cpp" produced "a.out"

The CXX compiler identification is GNU, found in "/home/aurelien.vadrot/TOOLS/smarties/build/CMakeFiles/3.20.2/CompilerIdCXX/a.out"

Detecting C compiler ABI info compiled with the following output:
Change Dir: /home/aurelien.vadrot/TOOLS/smarties/build/CMakeFiles/CMakeTmp

Run Build Command(s):/usr/bin/gmake -f Makefile cmTC_097ed/fast && /usr/bin/gmake  -f CMakeFiles/cmTC_097ed.dir/build.make CMakeFiles/cmTC_097ed.dir/build
gmake[1]: Entering directory `/home/aurelien.vadrot/TOOLS/smarties/build/CMakeFiles/CMakeTmp'
Building C object CMakeFiles/cmTC_097ed.dir/CMakeCCompilerABI.c.o
/com/gcc/11.1.0/bin/gcc   -v -o CMakeFiles/cmTC_097ed.dir/CMakeCCompilerABI.c.o -c /home/com/cmake/3.20.2/share/cmake-3.20/Modules/CMakeCCompilerABI.c
Using built-in specs.
COLLECT_GCC=/com/gcc/11.1.0/bin/gcc
Target: x86_64-pc-linux-gnu
Configured with: ./configure --prefix=/com/gcc/11.1.0/ --disable-multilib
Thread model: posix
Supported LTO compression algorithms: zlib
gcc version 11.1.0 (GCC) 
COLLECT_GCC_OPTIONS='-v' '-o' 'CMakeFiles/cmTC_097ed.dir/CMakeCCompilerABI.c.o' '-c' '-mtune=generic' '-march=x86-64' '-dumpdir' 'CMakeFiles/cmTC_097ed.dir/'
 /home/com/gcc/11.1.0/bin/../libexec/gcc/x86_64-pc-linux-gnu/11.1.0/cc1 -quiet -v -iprefix /home/com/gcc/11.1.0/bin/../lib/gcc/x86_64-pc-linux-gnu/11.1.0/ /home/com/cmake/3.20.2/share/cmake-3.20/Modules/CMakeCCompilerABI.c -quiet -dumpdir CMakeFiles/cmTC_097ed.dir/ -dumpbase CMakeCCompilerABI.c.c -dumpbase-ext .c -mtune=generic -march=x86-64 -version -o /tmp/ccAks77L.s
GNU C17 (GCC) version 11.1.0 (x86_64-pc-linux-gnu)
	compiled by GNU C version 11.1.0, GMP version 6.1.0, MPFR version 3.1.4, MPC version 1.0.3, isl version isl-0.18-GMP

GGC heuristics: --param ggc-min-expand=100 --param ggc-min-heapsize=131072
ignoring nonexistent directory "/home/com/gcc/11.1.0/bin/../lib/gcc/x86_64-pc-linux-gnu/11.1.0/../../../../x86_64-pc-linux-gnu/include"
ignoring duplicate directory "/home/com/gcc/11.1.0/bin/../lib/gcc/../../lib/gcc/x86_64-pc-linux-gnu/11.1.0/include"
ignoring duplicate directory "/home/com/gcc/11.1.0/bin/../lib/gcc/../../lib/gcc/x86_64-pc-linux-gnu/11.1.0/include-fixed"
ignoring nonexistent directory "/home/com/gcc/11.1.0/bin/../lib/gcc/../../lib/gcc/x86_64-pc-linux-gnu/11.1.0/../../../../x86_64-pc-linux-gnu/include"
#include "..." search starts here:
#include <...> search starts here:
 /com/mpich/3.3.0//include
 /home/com/gcc/11.1.0/bin/../lib/gcc/x86_64-pc-linux-gnu/11.1.0/include
 /home/com/gcc/11.1.0/bin/../lib/gcc/x86_64-pc-linux-gnu/11.1.0/include-fixed
 /usr/local/include
 /home/com/gcc/11.1.0/bin/../lib/gcc/../../include
 /usr/include
End of search list.
GNU C17 (GCC) version 11.1.0 (x86_64-pc-linux-gnu)
	compiled by GNU C version 11.1.0, GMP version 6.1.0, MPFR version 3.1.4, MPC version 1.0.3, isl version isl-0.18-GMP

GGC heuristics: --param ggc-min-expand=100 --param ggc-min-heapsize=131072
Compiler executable checksum: a60a522f44c45e6d1c42a25364cc0d97
COLLECT_GCC_OPTIONS='-v' '-o' 'CMakeFiles/cmTC_097ed.dir/CMakeCCompilerABI.c.o' '-c' '-mtune=generic' '-march=x86-64' '-dumpdir' 'CMakeFiles/cmTC_097ed.dir/'
 as -v --64 -o CMakeFiles/cmTC_097ed.dir/CMakeCCompilerABI.c.o /tmp/ccAks77L.s
GNU assembler version 2.27 (x86_64-redhat-linux) using BFD version version 2.27-34.base.el7
COMPILER_PATH=/home/com/gcc/11.1.0/bin/../libexec/gcc/x86_64-pc-linux-gnu/11.1.0/:/home/com/gcc/11.1.0/bin/../libexec/gcc/
LIBRARY_PATH=/home/com/gcc/11.1.0/bin/../lib/gcc/x86_64-pc-linux-gnu/11.1.0/:/home/com/gcc/11.1.0/bin/../lib/gcc/:/home/com/gcc/11.1.0/bin/../lib/gcc/x86_64-pc-linux-gnu/11.1.0/../../../../lib64/:/lib/../lib64/:/usr/lib/../lib64/:/home/com/gcc/11.1.0/bin/../lib/gcc/x86_64-pc-linux-gnu/11.1.0/../../../:/lib/:/usr/lib/
COLLECT_GCC_OPTIONS='-v' '-o' 'CMakeFiles/cmTC_097ed.dir/CMakeCCompilerABI.c.o' '-c' '-mtune=generic' '-march=x86-64' '-dumpdir' 'CMakeFiles/cmTC_097ed.dir/CMakeCCompilerABI.c.'
Linking C executable cmTC_097ed
/home/com/cmake/3.20.2/bin/cmake -E cmake_link_script CMakeFiles/cmTC_097ed.dir/link.txt --verbose=1
/com/gcc/11.1.0/bin/gcc  -v -rdynamic CMakeFiles/cmTC_097ed.dir/CMakeCCompilerABI.c.o -o cmTC_097ed 
Using built-in specs.
COLLECT_GCC=/com/gcc/11.1.0/bin/gcc
COLLECT_LTO_WRAPPER=/home/com/gcc/11.1.0/bin/../libexec/gcc/x86_64-pc-linux-gnu/11.1.0/lto-wrapper
Target: x86_64-pc-linux-gnu
Configured with: ./configure --prefix=/com/gcc/11.1.0/ --disable-multilib
Thread model: posix
Supported LTO compression algorithms: zlib
gcc version 11.1.0 (GCC) 
COMPILER_PATH=/home/com/gcc/11.1.0/bin/../libexec/gcc/x86_64-pc-linux-gnu/11.1.0/:/home/com/gcc/11.1.0/bin/../libexec/gcc/
LIBRARY_PATH=/home/com/gcc/11.1.0/bin/../lib/gcc/x86_64-pc-linux-gnu/11.1.0/:/home/com/gcc/11.1.0/bin/../lib/gcc/:/home/com/gcc/11.1.0/bin/../lib/gcc/x86_64-pc-linux-gnu/11.1.0/../../../../lib64/:/lib/../lib64/:/usr/lib/../lib64/:/home/com/gcc/11.1.0/bin/../lib/gcc/x86_64-pc-linux-gnu/11.1.0/../../../:/lib/:/usr/lib/
COLLECT_GCC_OPTIONS='-v' '-rdynamic' '-o' 'cmTC_097ed' '-mtune=generic' '-march=x86-64' '-dumpdir' 'cmTC_097ed.'
 /home/com/gcc/11.1.0/bin/../libexec/gcc/x86_64-pc-linux-gnu/11.1.0/collect2 -plugin /home/com/gcc/11.1.0/bin/../libexec/gcc/x86_64-pc-linux-gnu/11.1.0/liblto_plugin.so -plugin-opt=/home/com/gcc/11.1.0/bin/../libexec/gcc/x86_64-pc-linux-gnu/11.1.0/lto-wrapper -plugin-opt=-fresolution=/tmp/ccIsUEsO.res -plugin-opt=-pass-through=-lgcc -plugin-opt=-pass-through=-lgcc_s -plugin-opt=-pass-through=-lc -plugin-opt=-pass-through=-lgcc -plugin-opt=-pass-through=-lgcc_s --eh-frame-hdr -m elf_x86_64 -export-dynamic -dynamic-linker /lib64/ld-linux-x86-64.so.2 -o cmTC_097ed /lib/../lib64/crt1.o /lib/../lib64/crti.o /home/com/gcc/11.1.0/bin/../lib/gcc/x86_64-pc-linux-gnu/11.1.0/crtbegin.o -L/home/com/gcc/11.1.0/bin/../lib/gcc/x86_64-pc-linux-gnu/11.1.0 -L/home/com/gcc/11.1.0/bin/../lib/gcc -L/home/com/gcc/11.1.0/bin/../lib/gcc/x86_64-pc-linux-gnu/11.1.0/../../../../lib64 -L/lib/../lib64 -L/usr/lib/../lib64 -L/home/com/gcc/11.1.0/bin/../lib/gcc/x86_64-pc-linux-gnu/11.1.0/../../.. CMakeFiles/cmTC_097ed.dir/CMakeCCompilerABI.c.o -lgcc --as-needed -lgcc_s --no-as-needed -lc -lgcc --as-needed -lgcc_s --no-as-needed /home/com/gcc/11.1.0/bin/../lib/gcc/x86_64-pc-linux-gnu/11.1.0/crtend.o /lib/../lib64/crtn.o
COLLECT_GCC_OPTIONS='-v' '-rdynamic' '-o' 'cmTC_097ed' '-mtune=generic' '-march=x86-64' '-dumpdir' 'cmTC_097ed.'
gmake[1]: Leaving directory `/home/aurelien.vadrot/TOOLS/smarties/build/CMakeFiles/CMakeTmp'



Parsed C implicit include dir info from above output: rv=done
  found start of include info
  found start of implicit include info
    add: [/com/mpich/3.3.0//include]
    add: [/home/com/gcc/11.1.0/bin/../lib/gcc/x86_64-pc-linux-gnu/11.1.0/include]
    add: [/home/com/gcc/11.1.0/bin/../lib/gcc/x86_64-pc-linux-gnu/11.1.0/include-fixed]
    add: [/usr/local/include]
    add: [/home/com/gcc/11.1.0/bin/../lib/gcc/../../include]
    add: [/usr/include]
  end of search list found
  collapse include dir [/com/mpich/3.3.0//include] ==> [/com/mpich/3.3.0/include]
  collapse include dir [/home/com/gcc/11.1.0/bin/../lib/gcc/x86_64-pc-linux-gnu/11.1.0/include] ==> [/home/com/gcc/11.1.0/lib/gcc/x86_64-pc-linux-gnu/11.1.0/include]
  collapse include dir [/home/com/gcc/11.1.0/bin/../lib/gcc/x86_64-pc-linux-gnu/11.1.0/include-fixed] ==> [/home/com/gcc/11.1.0/lib/gcc/x86_64-pc-linux-gnu/11.1.0/include-fixed]
  collapse include dir [/usr/local/include] ==> [/usr/local/include]
  collapse include dir [/home/com/gcc/11.1.0/bin/../lib/gcc/../../include] ==> [/home/com/gcc/11.1.0/include]
  collapse include dir [/usr/include] ==> [/usr/include]
  implicit include dirs: [/com/mpich/3.3.0/include;/home/com/gcc/11.1.0/lib/gcc/x86_64-pc-linux-gnu/11.1.0/include;/home/com/gcc/11.1.0/lib/gcc/x86_64-pc-linux-gnu/11.1.0/include-fixed;/usr/local/include;/home/com/gcc/11.1.0/include;/usr/include]


Parsed C implicit link information from above output:
  link line regex: [^( *|.*[/\])(ld|CMAKE_LINK_STARTFILE-NOTFOUND|([^/\]+-)?ld|collect2)[^/\]*( |$)]
  ignore line: [Change Dir: /home/aurelien.vadrot/TOOLS/smarties/build/CMakeFiles/CMakeTmp]
  ignore line: []
  ignore line: [Run Build Command(s):/usr/bin/gmake -f Makefile cmTC_097ed/fast && /usr/bin/gmake  -f CMakeFiles/cmTC_097ed.dir/build.make CMakeFiles/cmTC_097ed.dir/build]
  ignore line: [gmake[1]: Entering directory `/home/aurelien.vadrot/TOOLS/smarties/build/CMakeFiles/CMakeTmp']
  ignore line: [Building C object CMakeFiles/cmTC_097ed.dir/CMakeCCompilerABI.c.o]
  ignore line: [/com/gcc/11.1.0/bin/gcc   -v -o CMakeFiles/cmTC_097ed.dir/CMakeCCompilerABI.c.o -c /home/com/cmake/3.20.2/share/cmake-3.20/Modules/CMakeCCompilerABI.c]
  ignore line: [Using built-in specs.]
  ignore line: [COLLECT_GCC=/com/gcc/11.1.0/bin/gcc]
  ignore line: [Target: x86_64-pc-linux-gnu]
  ignore line: [Configured with: ./configure --prefix=/com/gcc/11.1.0/ --disable-multilib]
  ignore line: [Thread model: posix]
  ignore line: [Supported LTO compression algorithms: zlib]
  ignore line: [gcc version 11.1.0 (GCC) ]
  ignore line: [COLLECT_GCC_OPTIONS='-v' '-o' 'CMakeFiles/cmTC_097ed.dir/CMakeCCompilerABI.c.o' '-c' '-mtune=generic' '-march=x86-64' '-dumpdir' 'CMakeFiles/cmTC_097ed.dir/']
  ignore line: [ /home/com/gcc/11.1.0/bin/../libexec/gcc/x86_64-pc-linux-gnu/11.1.0/cc1 -quiet -v -iprefix /home/com/gcc/11.1.0/bin/../lib/gcc/x86_64-pc-linux-gnu/11.1.0/ /home/com/cmake/3.20.2/share/cmake-3.20/Modules/CMakeCCompilerABI.c -quiet -dumpdir CMakeFiles/cmTC_097ed.dir/ -dumpbase CMakeCCompilerABI.c.c -dumpbase-ext .c -mtune=generic -march=x86-64 -version -o /tmp/ccAks77L.s]
  ignore line: [GNU C17 (GCC) version 11.1.0 (x86_64-pc-linux-gnu)]
  ignore line: [	compiled by GNU C version 11.1.0  GMP version 6.1.0  MPFR version 3.1.4  MPC version 1.0.3  isl version isl-0.18-GMP]
  ignore line: []
  ignore line: [GGC heuristics: --param ggc-min-expand=100 --param ggc-min-heapsize=131072]
  ignore line: [ignoring nonexistent directory "/home/com/gcc/11.1.0/bin/../lib/gcc/x86_64-pc-linux-gnu/11.1.0/../../../../x86_64-pc-linux-gnu/include"]
  ignore line: [ignoring duplicate directory "/home/com/gcc/11.1.0/bin/../lib/gcc/../../lib/gcc/x86_64-pc-linux-gnu/11.1.0/include"]
  ignore line: [ignoring duplicate directory "/home/com/gcc/11.1.0/bin/../lib/gcc/../../lib/gcc/x86_64-pc-linux-gnu/11.1.0/include-fixed"]
  ignore line: [ignoring nonexistent directory "/home/com/gcc/11.1.0/bin/../lib/gcc/../../lib/gcc/x86_64-pc-linux-gnu/11.1.0/../../../../x86_64-pc-linux-gnu/include"]
  ignore line: [#include "..." search starts here:]
  ignore line: [#include <...> search starts here:]
  ignore line: [ /com/mpich/3.3.0//include]
  ignore line: [ /home/com/gcc/11.1.0/bin/../lib/gcc/x86_64-pc-linux-gnu/11.1.0/include]
  ignore line: [ /home/com/gcc/11.1.0/bin/../lib/gcc/x86_64-pc-linux-gnu/11.1.0/include-fixed]
  ignore line: [ /usr/local/include]
  ignore line: [ /home/com/gcc/11.1.0/bin/../lib/gcc/../../include]
  ignore line: [ /usr/include]
  ignore line: [End of search list.]
  ignore line: [GNU C17 (GCC) version 11.1.0 (x86_64-pc-linux-gnu)]
  ignore line: [	compiled by GNU C version 11.1.0  GMP version 6.1.0  MPFR version 3.1.4  MPC version 1.0.3  isl version isl-0.18-GMP]
  ignore line: []
  ignore line: [GGC heuristics: --param ggc-min-expand=100 --param ggc-min-heapsize=131072]
  ignore line: [Compiler executable checksum: a60a522f44c45e6d1c42a25364cc0d97]
  ignore line: [COLLECT_GCC_OPTIONS='-v' '-o' 'CMakeFiles/cmTC_097ed.dir/CMakeCCompilerABI.c.o' '-c' '-mtune=generic' '-march=x86-64' '-dumpdir' 'CMakeFiles/cmTC_097ed.dir/']
  ignore line: [ as -v --64 -o CMakeFiles/cmTC_097ed.dir/CMakeCCompilerABI.c.o /tmp/ccAks77L.s]
  ignore line: [GNU assembler version 2.27 (x86_64-redhat-linux) using BFD version version 2.27-34.base.el7]
  ignore line: [COMPILER_PATH=/home/com/gcc/11.1.0/bin/../libexec/gcc/x86_64-pc-linux-gnu/11.1.0/:/home/com/gcc/11.1.0/bin/../libexec/gcc/]
  ignore line: [LIBRARY_PATH=/home/com/gcc/11.1.0/bin/../lib/gcc/x86_64-pc-linux-gnu/11.1.0/:/home/com/gcc/11.1.0/bin/../lib/gcc/:/home/com/gcc/11.1.0/bin/../lib/gcc/x86_64-pc-linux-gnu/11.1.0/../../../../lib64/:/lib/../lib64/:/usr/lib/../lib64/:/home/com/gcc/11.1.0/bin/../lib/gcc/x86_64-pc-linux-gnu/11.1.0/../../../:/lib/:/usr/lib/]
  ignore line: [COLLECT_GCC_OPTIONS='-v' '-o' 'CMakeFiles/cmTC_097ed.dir/CMakeCCompilerABI.c.o' '-c' '-mtune=generic' '-march=x86-64' '-dumpdir' 'CMakeFiles/cmTC_097ed.dir/CMakeCCompilerABI.c.']
  ignore line: [Linking C executable cmTC_097ed]
  ignore line: [/home/com/cmake/3.20.2/bin/cmake -E cmake_link_script CMakeFiles/cmTC_097ed.dir/link.txt --verbose=1]
  ignore line: [/com/gcc/11.1.0/bin/gcc  -v -rdynamic CMakeFiles/cmTC_097ed.dir/CMakeCCompilerABI.c.o -o cmTC_097ed ]
  ignore line: [Using built-in specs.]
  ignore line: [COLLECT_GCC=/com/gcc/11.1.0/bin/gcc]
  ignore line: [COLLECT_LTO_WRAPPER=/home/com/gcc/11.1.0/bin/../libexec/gcc/x86_64-pc-linux-gnu/11.1.0/lto-wrapper]
  ignore line: [Target: x86_64-pc-linux-gnu]
  ignore line: [Configured with: ./configure --prefix=/com/gcc/11.1.0/ --disable-multilib]
  ignore line: [Thread model: posix]
  ignore line: [Supported LTO compression algorithms: zlib]
  ignore line: [gcc version 11.1.0 (GCC) ]
  ignore line: [COMPILER_PATH=/home/com/gcc/11.1.0/bin/../libexec/gcc/x86_64-pc-linux-gnu/11.1.0/:/home/com/gcc/11.1.0/bin/../libexec/gcc/]
  ignore line: [LIBRARY_PATH=/home/com/gcc/11.1.0/bin/../lib/gcc/x86_64-pc-linux-gnu/11.1.0/:/home/com/gcc/11.1.0/bin/../lib/gcc/:/home/com/gcc/11.1.0/bin/../lib/gcc/x86_64-pc-linux-gnu/11.1.0/../../../../lib64/:/lib/../lib64/:/usr/lib/../lib64/:/home/com/gcc/11.1.0/bin/../lib/gcc/x86_64-pc-linux-gnu/11.1.0/../../../:/lib/:/usr/lib/]
  ignore line: [COLLECT_GCC_OPTIONS='-v' '-rdynamic' '-o' 'cmTC_097ed' '-mtune=generic' '-march=x86-64' '-dumpdir' 'cmTC_097ed.']
  link line: [ /home/com/gcc/11.1.0/bin/../libexec/gcc/x86_64-pc-linux-gnu/11.1.0/collect2 -plugin /home/com/gcc/11.1.0/bin/../libexec/gcc/x86_64-pc-linux-gnu/11.1.0/liblto_plugin.so -plugin-opt=/home/com/gcc/11.1.0/bin/../libexec/gcc/x86_64-pc-linux-gnu/11.1.0/lto-wrapper -plugin-opt=-fresolution=/tmp/ccIsUEsO.res -plugin-opt=-pass-through=-lgcc -plugin-opt=-pass-through=-lgcc_s -plugin-opt=-pass-through=-lc -plugin-opt=-pass-through=-lgcc -plugin-opt=-pass-through=-lgcc_s --eh-frame-hdr -m elf_x86_64 -export-dynamic -dynamic-linker /lib64/ld-linux-x86-64.so.2 -o cmTC_097ed /lib/../lib64/crt1.o /lib/../lib64/crti.o /home/com/gcc/11.1.0/bin/../lib/gcc/x86_64-pc-linux-gnu/11.1.0/crtbegin.o -L/home/com/gcc/11.1.0/bin/../lib/gcc/x86_64-pc-linux-gnu/11.1.0 -L/home/com/gcc/11.1.0/bin/../lib/gcc -L/home/com/gcc/11.1.0/bin/../lib/gcc/x86_64-pc-linux-gnu/11.1.0/../../../../lib64 -L/lib/../lib64 -L/usr/lib/../lib64 -L/home/com/gcc/11.1.0/bin/../lib/gcc/x86_64-pc-linux-gnu/11.1.0/../../.. CMakeFiles/cmTC_097ed.dir/CMakeCCompilerABI.c.o -lgcc --as-needed -lgcc_s --no-as-needed -lc -lgcc --as-needed -lgcc_s --no-as-needed /home/com/gcc/11.1.0/bin/../lib/gcc/x86_64-pc-linux-gnu/11.1.0/crtend.o /lib/../lib64/crtn.o]
    arg [/home/com/gcc/11.1.0/bin/../libexec/gcc/x86_64-pc-linux-gnu/11.1.0/collect2] ==> ignore
    arg [-plugin] ==> ignore
    arg [/home/com/gcc/11.1.0/bin/../libexec/gcc/x86_64-pc-linux-gnu/11.1.0/liblto_plugin.so] ==> ignore
    arg [-plugin-opt=/home/com/gcc/11.1.0/bin/../libexec/gcc/x86_64-pc-linux-gnu/11.1.0/lto-wrapper] ==> ignore
    arg [-plugin-opt=-fresolution=/tmp/ccIsUEsO.res] ==> ignore
    arg [-plugin-opt=-pass-through=-lgcc] ==> ignore
    arg [-plugin-opt=-pass-through=-lgcc_s] ==> ignore
    arg [-plugin-opt=-pass-through=-lc] ==> ignore
    arg [-plugin-opt=-pass-through=-lgcc] ==> ignore
    arg [-plugin-opt=-pass-through=-lgcc_s] ==> ignore
    arg [--eh-frame-hdr] ==> ignore
    arg [-m] ==> ignore
    arg [elf_x86_64] ==> ignore
    arg [-export-dynamic] ==> ignore
    arg [-dynamic-linker] ==> ignore
    arg [/lib64/ld-linux-x86-64.so.2] ==> ignore
    arg [-o] ==> ignore
    arg [cmTC_097ed] ==> ignore
    arg [/lib/../lib64/crt1.o] ==> obj [/lib/../lib64/crt1.o]
    arg [/lib/../lib64/crti.o] ==> obj [/lib/../lib64/crti.o]
    arg [/home/com/gcc/11.1.0/bin/../lib/gcc/x86_64-pc-linux-gnu/11.1.0/crtbegin.o] ==> obj [/home/com/gcc/11.1.0/bin/../lib/gcc/x86_64-pc-linux-gnu/11.1.0/crtbegin.o]
    arg [-L/home/com/gcc/11.1.0/bin/../lib/gcc/x86_64-pc-linux-gnu/11.1.0] ==> dir [/home/com/gcc/11.1.0/bin/../lib/gcc/x86_64-pc-linux-gnu/11.1.0]
    arg [-L/home/com/gcc/11.1.0/bin/../lib/gcc] ==> dir [/home/com/gcc/11.1.0/bin/../lib/gcc]
    arg [-L/home/com/gcc/11.1.0/bin/../lib/gcc/x86_64-pc-linux-gnu/11.1.0/../../../../lib64] ==> dir [/home/com/gcc/11.1.0/bin/../lib/gcc/x86_64-pc-linux-gnu/11.1.0/../../../../lib64]
    arg [-L/lib/../lib64] ==> dir [/lib/../lib64]
    arg [-L/usr/lib/../lib64] ==> dir [/usr/lib/../lib64]
    arg [-L/home/com/gcc/11.1.0/bin/../lib/gcc/x86_64-pc-linux-gnu/11.1.0/../../..] ==> dir [/home/com/gcc/11.1.0/bin/../lib/gcc/x86_64-pc-linux-gnu/11.1.0/../../..]
    arg [CMakeFiles/cmTC_097ed.dir/CMakeCCompilerABI.c.o] ==> ignore
    arg [-lgcc] ==> lib [gcc]
    arg [--as-needed] ==> ignore
    arg [-lgcc_s] ==> lib [gcc_s]
    arg [--no-as-needed] ==> ignore
    arg [-lc] ==> lib [c]
    arg [-lgcc] ==> lib [gcc]
    arg [--as-needed] ==> ignore
    arg [-lgcc_s] ==> lib [gcc_s]
    arg [--no-as-needed] ==> ignore
    arg [/home/com/gcc/11.1.0/bin/../lib/gcc/x86_64-pc-linux-gnu/11.1.0/crtend.o] ==> obj [/home/com/gcc/11.1.0/bin/../lib/gcc/x86_64-pc-linux-gnu/11.1.0/crtend.o]
    arg [/lib/../lib64/crtn.o] ==> obj [/lib/../lib64/crtn.o]
  collapse obj [/lib/../lib64/crt1.o] ==> [/lib64/crt1.o]
  collapse obj [/lib/../lib64/crti.o] ==> [/lib64/crti.o]
  collapse obj [/home/com/gcc/11.1.0/bin/../lib/gcc/x86_64-pc-linux-gnu/11.1.0/crtbegin.o] ==> [/home/com/gcc/11.1.0/lib/gcc/x86_64-pc-linux-gnu/11.1.0/crtbegin.o]
  collapse obj [/home/com/gcc/11.1.0/bin/../lib/gcc/x86_64-pc-linux-gnu/11.1.0/crtend.o] ==> [/home/com/gcc/11.1.0/lib/gcc/x86_64-pc-linux-gnu/11.1.0/crtend.o]
  collapse obj [/lib/../lib64/crtn.o] ==> [/lib64/crtn.o]
  collapse library dir [/home/com/gcc/11.1.0/bin/../lib/gcc/x86_64-pc-linux-gnu/11.1.0] ==> [/home/com/gcc/11.1.0/lib/gcc/x86_64-pc-linux-gnu/11.1.0]
  collapse library dir [/home/com/gcc/11.1.0/bin/../lib/gcc] ==> [/home/com/gcc/11.1.0/lib/gcc]
  collapse library dir [/home/com/gcc/11.1.0/bin/../lib/gcc/x86_64-pc-linux-gnu/11.1.0/../../../../lib64] ==> [/home/com/gcc/11.1.0/lib64]
  collapse library dir [/lib/../lib64] ==> [/lib64]
  collapse library dir [/usr/lib/../lib64] ==> [/usr/lib64]
  collapse library dir [/home/com/gcc/11.1.0/bin/../lib/gcc/x86_64-pc-linux-gnu/11.1.0/../../..] ==> [/home/com/gcc/11.1.0/lib]
  implicit libs: [gcc;gcc_s;c;gcc;gcc_s]
  implicit objs: [/lib64/crt1.o;/lib64/crti.o;/home/com/gcc/11.1.0/lib/gcc/x86_64-pc-linux-gnu/11.1.0/crtbegin.o;/home/com/gcc/11.1.0/lib/gcc/x86_64-pc-linux-gnu/11.1.0/crtend.o;/lib64/crtn.o]
  implicit dirs: [/home/com/gcc/11.1.0/lib/gcc/x86_64-pc-linux-gnu/11.1.0;/home/com/gcc/11.1.0/lib/gcc;/home/com/gcc/11.1.0/lib64;/lib64;/usr/lib64;/home/com/gcc/11.1.0/lib]
  implicit fwks: []


Detecting CXX compiler ABI info compiled with the following output:
Change Dir: /home/aurelien.vadrot/TOOLS/smarties/build/CMakeFiles/CMakeTmp

Run Build Command(s):/usr/bin/gmake -f Makefile cmTC_472c5/fast && /usr/bin/gmake  -f CMakeFiles/cmTC_472c5.dir/build.make CMakeFiles/cmTC_472c5.dir/build
gmake[1]: Entering directory `/home/aurelien.vadrot/TOOLS/smarties/build/CMakeFiles/CMakeTmp'
Building CXX object CMakeFiles/cmTC_472c5.dir/CMakeCXXCompilerABI.cpp.o
/com/gcc/11.1.0/bin/g++   -v -o CMakeFiles/cmTC_472c5.dir/CMakeCXXCompilerABI.cpp.o -c /home/com/cmake/3.20.2/share/cmake-3.20/Modules/CMakeCXXCompilerABI.cpp
Using built-in specs.
COLLECT_GCC=/com/gcc/11.1.0/bin/g++
Target: x86_64-pc-linux-gnu
Configured with: ./configure --prefix=/com/gcc/11.1.0/ --disable-multilib
Thread model: posix
Supported LTO compression algorithms: zlib
gcc version 11.1.0 (GCC) 
COLLECT_GCC_OPTIONS='-v' '-o' 'CMakeFiles/cmTC_472c5.dir/CMakeCXXCompilerABI.cpp.o' '-c' '-shared-libgcc' '-mtune=generic' '-march=x86-64' '-dumpdir' 'CMakeFiles/cmTC_472c5.dir/'
 /home/com/gcc/11.1.0/bin/../libexec/gcc/x86_64-pc-linux-gnu/11.1.0/cc1plus -quiet -v -iprefix /home/com/gcc/11.1.0/bin/../lib/gcc/x86_64-pc-linux-gnu/11.1.0/ -D_GNU_SOURCE /home/com/cmake/3.20.2/share/cmake-3.20/Modules/CMakeCXXCompilerABI.cpp -quiet -dumpdir CMakeFiles/cmTC_472c5.dir/ -dumpbase CMakeCXXCompilerABI.cpp.cpp -dumpbase-ext .cpp -mtune=generic -march=x86-64 -version -o /tmp/ccsegdtT.s
GNU C++17 (GCC) version 11.1.0 (x86_64-pc-linux-gnu)
	compiled by GNU C version 11.1.0, GMP version 6.1.0, MPFR version 3.1.4, MPC version 1.0.3, isl version isl-0.18-GMP

GGC heuristics: --param ggc-min-expand=100 --param ggc-min-heapsize=131072
ignoring nonexistent directory "/home/com/gcc/11.1.0/bin/../lib/gcc/x86_64-pc-linux-gnu/11.1.0/../../../../x86_64-pc-linux-gnu/include"
ignoring duplicate directory "/home/com/gcc/11.1.0/bin/../lib/gcc/../../lib/gcc/x86_64-pc-linux-gnu/11.1.0/../../../../include/c++/11.1.0"
ignoring duplicate directory "/home/com/gcc/11.1.0/bin/../lib/gcc/../../lib/gcc/x86_64-pc-linux-gnu/11.1.0/../../../../include/c++/11.1.0/x86_64-pc-linux-gnu"
ignoring duplicate directory "/home/com/gcc/11.1.0/bin/../lib/gcc/../../lib/gcc/x86_64-pc-linux-gnu/11.1.0/../../../../include/c++/11.1.0/backward"
ignoring duplicate directory "/home/com/gcc/11.1.0/bin/../lib/gcc/../../lib/gcc/x86_64-pc-linux-gnu/11.1.0/include"
ignoring duplicate directory "/home/com/gcc/11.1.0/bin/../lib/gcc/../../lib/gcc/x86_64-pc-linux-gnu/11.1.0/include-fixed"
ignoring nonexistent directory "/home/com/gcc/11.1.0/bin/../lib/gcc/../../lib/gcc/x86_64-pc-linux-gnu/11.1.0/../../../../x86_64-pc-linux-gnu/include"
#include "..." search starts here:
#include <...> search starts here:
 /com/mpich/3.3.0//include
 /home/com/gcc/11.1.0/bin/../lib/gcc/x86_64-pc-linux-gnu/11.1.0/../../../../include/c++/11.1.0
 /home/com/gcc/11.1.0/bin/../lib/gcc/x86_64-pc-linux-gnu/11.1.0/../../../../include/c++/11.1.0/x86_64-pc-linux-gnu
 /home/com/gcc/11.1.0/bin/../lib/gcc/x86_64-pc-linux-gnu/11.1.0/../../../../include/c++/11.1.0/backward
 /home/com/gcc/11.1.0/bin/../lib/gcc/x86_64-pc-linux-gnu/11.1.0/include
 /home/com/gcc/11.1.0/bin/../lib/gcc/x86_64-pc-linux-gnu/11.1.0/include-fixed
 /usr/local/include
 /home/com/gcc/11.1.0/bin/../lib/gcc/../../include
 /usr/include
End of search list.
GNU C++17 (GCC) version 11.1.0 (x86_64-pc-linux-gnu)
	compiled by GNU C version 11.1.0, GMP version 6.1.0, MPFR version 3.1.4, MPC version 1.0.3, isl version isl-0.18-GMP

GGC heuristics: --param ggc-min-expand=100 --param ggc-min-heapsize=131072
Compiler executable checksum: 1aed90760e5fa77d554f8ca015833091
COLLECT_GCC_OPTIONS='-v' '-o' 'CMakeFiles/cmTC_472c5.dir/CMakeCXXCompilerABI.cpp.o' '-c' '-shared-libgcc' '-mtune=generic' '-march=x86-64' '-dumpdir' 'CMakeFiles/cmTC_472c5.dir/'
 as -v --64 -o CMakeFiles/cmTC_472c5.dir/CMakeCXXCompilerABI.cpp.o /tmp/ccsegdtT.s
GNU assembler version 2.27 (x86_64-redhat-linux) using BFD version version 2.27-34.base.el7
COMPILER_PATH=/home/com/gcc/11.1.0/bin/../libexec/gcc/x86_64-pc-linux-gnu/11.1.0/:/home/com/gcc/11.1.0/bin/../libexec/gcc/
LIBRARY_PATH=/home/com/gcc/11.1.0/bin/../lib/gcc/x86_64-pc-linux-gnu/11.1.0/:/home/com/gcc/11.1.0/bin/../lib/gcc/:/home/com/gcc/11.1.0/bin/../lib/gcc/x86_64-pc-linux-gnu/11.1.0/../../../../lib64/:/lib/../lib64/:/usr/lib/../lib64/:/home/com/gcc/11.1.0/bin/../lib/gcc/x86_64-pc-linux-gnu/11.1.0/../../../:/lib/:/usr/lib/
COLLECT_GCC_OPTIONS='-v' '-o' 'CMakeFiles/cmTC_472c5.dir/CMakeCXXCompilerABI.cpp.o' '-c' '-shared-libgcc' '-mtune=generic' '-march=x86-64' '-dumpdir' 'CMakeFiles/cmTC_472c5.dir/CMakeCXXCompilerABI.cpp.'
Linking CXX executable cmTC_472c5
/home/com/cmake/3.20.2/bin/cmake -E cmake_link_script CMakeFiles/cmTC_472c5.dir/link.txt --verbose=1
/com/gcc/11.1.0/bin/g++  -v -rdynamic CMakeFiles/cmTC_472c5.dir/CMakeCXXCompilerABI.cpp.o -o cmTC_472c5 
Using built-in specs.
COLLECT_GCC=/com/gcc/11.1.0/bin/g++
COLLECT_LTO_WRAPPER=/home/com/gcc/11.1.0/bin/../libexec/gcc/x86_64-pc-linux-gnu/11.1.0/lto-wrapper
Target: x86_64-pc-linux-gnu
Configured with: ./configure --prefix=/com/gcc/11.1.0/ --disable-multilib
Thread model: posix
Supported LTO compression algorithms: zlib
gcc version 11.1.0 (GCC) 
COMPILER_PATH=/home/com/gcc/11.1.0/bin/../libexec/gcc/x86_64-pc-linux-gnu/11.1.0/:/home/com/gcc/11.1.0/bin/../libexec/gcc/
LIBRARY_PATH=/home/com/gcc/11.1.0/bin/../lib/gcc/x86_64-pc-linux-gnu/11.1.0/:/home/com/gcc/11.1.0/bin/../lib/gcc/:/home/com/gcc/11.1.0/bin/../lib/gcc/x86_64-pc-linux-gnu/11.1.0/../../../../lib64/:/lib/../lib64/:/usr/lib/../lib64/:/home/com/gcc/11.1.0/bin/../lib/gcc/x86_64-pc-linux-gnu/11.1.0/../../../:/lib/:/usr/lib/
COLLECT_GCC_OPTIONS='-v' '-rdynamic' '-o' 'cmTC_472c5' '-shared-libgcc' '-mtune=generic' '-march=x86-64' '-dumpdir' 'cmTC_472c5.'
 /home/com/gcc/11.1.0/bin/../libexec/gcc/x86_64-pc-linux-gnu/11.1.0/collect2 -plugin /home/com/gcc/11.1.0/bin/../libexec/gcc/x86_64-pc-linux-gnu/11.1.0/liblto_plugin.so -plugin-opt=/home/com/gcc/11.1.0/bin/../libexec/gcc/x86_64-pc-linux-gnu/11.1.0/lto-wrapper -plugin-opt=-fresolution=/tmp/ccQIXdMV.res -plugin-opt=-pass-through=-lgcc_s -plugin-opt=-pass-through=-lgcc -plugin-opt=-pass-through=-lc -plugin-opt=-pass-through=-lgcc_s -plugin-opt=-pass-through=-lgcc --eh-frame-hdr -m elf_x86_64 -export-dynamic -dynamic-linker /lib64/ld-linux-x86-64.so.2 -o cmTC_472c5 /lib/../lib64/crt1.o /lib/../lib64/crti.o /home/com/gcc/11.1.0/bin/../lib/gcc/x86_64-pc-linux-gnu/11.1.0/crtbegin.o -L/home/com/gcc/11.1.0/bin/../lib/gcc/x86_64-pc-linux-gnu/11.1.0 -L/home/com/gcc/11.1.0/bin/../lib/gcc -L/home/com/gcc/11.1.0/bin/../lib/gcc/x86_64-pc-linux-gnu/11.1.0/../../../../lib64 -L/lib/../lib64 -L/usr/lib/../lib64 -L/home/com/gcc/11.1.0/bin/../lib/gcc/x86_64-pc-linux-gnu/11.1.0/../../.. CMakeFiles/cmTC_472c5.dir/CMakeCXXCompilerABI.cpp.o -lstdc++ -lm -lgcc_s -lgcc -lc -lgcc_s -lgcc /home/com/gcc/11.1.0/bin/../lib/gcc/x86_64-pc-linux-gnu/11.1.0/crtend.o /lib/../lib64/crtn.o
COLLECT_GCC_OPTIONS='-v' '-rdynamic' '-o' 'cmTC_472c5' '-shared-libgcc' '-mtune=generic' '-march=x86-64' '-dumpdir' 'cmTC_472c5.'
gmake[1]: Leaving directory `/home/aurelien.vadrot/TOOLS/smarties/build/CMakeFiles/CMakeTmp'



Parsed CXX implicit include dir info from above output: rv=done
  found start of include info
  found start of implicit include info
    add: [/com/mpich/3.3.0//include]
    add: [/home/com/gcc/11.1.0/bin/../lib/gcc/x86_64-pc-linux-gnu/11.1.0/../../../../include/c++/11.1.0]
    add: [/home/com/gcc/11.1.0/bin/../lib/gcc/x86_64-pc-linux-gnu/11.1.0/../../../../include/c++/11.1.0/x86_64-pc-linux-gnu]
    add: [/home/com/gcc/11.1.0/bin/../lib/gcc/x86_64-pc-linux-gnu/11.1.0/../../../../include/c++/11.1.0/backward]
    add: [/home/com/gcc/11.1.0/bin/../lib/gcc/x86_64-pc-linux-gnu/11.1.0/include]
    add: [/home/com/gcc/11.1.0/bin/../lib/gcc/x86_64-pc-linux-gnu/11.1.0/include-fixed]
    add: [/usr/local/include]
    add: [/home/com/gcc/11.1.0/bin/../lib/gcc/../../include]
    add: [/usr/include]
  end of search list found
  collapse include dir [/com/mpich/3.3.0//include] ==> [/com/mpich/3.3.0/include]
  collapse include dir [/home/com/gcc/11.1.0/bin/../lib/gcc/x86_64-pc-linux-gnu/11.1.0/../../../../include/c++/11.1.0] ==> [/home/com/gcc/11.1.0/include/c++/11.1.0]
  collapse include dir [/home/com/gcc/11.1.0/bin/../lib/gcc/x86_64-pc-linux-gnu/11.1.0/../../../../include/c++/11.1.0/x86_64-pc-linux-gnu] ==> [/home/com/gcc/11.1.0/include/c++/11.1.0/x86_64-pc-linux-gnu]
  collapse include dir [/home/com/gcc/11.1.0/bin/../lib/gcc/x86_64-pc-linux-gnu/11.1.0/../../../../include/c++/11.1.0/backward] ==> [/home/com/gcc/11.1.0/include/c++/11.1.0/backward]
  collapse include dir [/home/com/gcc/11.1.0/bin/../lib/gcc/x86_64-pc-linux-gnu/11.1.0/include] ==> [/home/com/gcc/11.1.0/lib/gcc/x86_64-pc-linux-gnu/11.1.0/include]
  collapse include dir [/home/com/gcc/11.1.0/bin/../lib/gcc/x86_64-pc-linux-gnu/11.1.0/include-fixed] ==> [/home/com/gcc/11.1.0/lib/gcc/x86_64-pc-linux-gnu/11.1.0/include-fixed]
  collapse include dir [/usr/local/include] ==> [/usr/local/include]
  collapse include dir [/home/com/gcc/11.1.0/bin/../lib/gcc/../../include] ==> [/home/com/gcc/11.1.0/include]
  collapse include dir [/usr/include] ==> [/usr/include]
  implicit include dirs: [/com/mpich/3.3.0/include;/home/com/gcc/11.1.0/include/c++/11.1.0;/home/com/gcc/11.1.0/include/c++/11.1.0/x86_64-pc-linux-gnu;/home/com/gcc/11.1.0/include/c++/11.1.0/backward;/home/com/gcc/11.1.0/lib/gcc/x86_64-pc-linux-gnu/11.1.0/include;/home/com/gcc/11.1.0/lib/gcc/x86_64-pc-linux-gnu/11.1.0/include-fixed;/usr/local/include;/home/com/gcc/11.1.0/include;/usr/include]


Parsed CXX implicit link information from above output:
  link line regex: [^( *|.*[/\])(ld|CMAKE_LINK_STARTFILE-NOTFOUND|([^/\]+-)?ld|collect2)[^/\]*( |$)]
  ignore line: [Change Dir: /home/aurelien.vadrot/TOOLS/smarties/build/CMakeFiles/CMakeTmp]
  ignore line: []
  ignore line: [Run Build Command(s):/usr/bin/gmake -f Makefile cmTC_472c5/fast && /usr/bin/gmake  -f CMakeFiles/cmTC_472c5.dir/build.make CMakeFiles/cmTC_472c5.dir/build]
  ignore line: [gmake[1]: Entering directory `/home/aurelien.vadrot/TOOLS/smarties/build/CMakeFiles/CMakeTmp']
  ignore line: [Building CXX object CMakeFiles/cmTC_472c5.dir/CMakeCXXCompilerABI.cpp.o]
  ignore line: [/com/gcc/11.1.0/bin/g++   -v -o CMakeFiles/cmTC_472c5.dir/CMakeCXXCompilerABI.cpp.o -c /home/com/cmake/3.20.2/share/cmake-3.20/Modules/CMakeCXXCompilerABI.cpp]
  ignore line: [Using built-in specs.]
  ignore line: [COLLECT_GCC=/com/gcc/11.1.0/bin/g++]
  ignore line: [Target: x86_64-pc-linux-gnu]
  ignore line: [Configured with: ./configure --prefix=/com/gcc/11.1.0/ --disable-multilib]
  ignore line: [Thread model: posix]
  ignore line: [Supported LTO compression algorithms: zlib]
  ignore line: [gcc version 11.1.0 (GCC) ]
  ignore line: [COLLECT_GCC_OPTIONS='-v' '-o' 'CMakeFiles/cmTC_472c5.dir/CMakeCXXCompilerABI.cpp.o' '-c' '-shared-libgcc' '-mtune=generic' '-march=x86-64' '-dumpdir' 'CMakeFiles/cmTC_472c5.dir/']
  ignore line: [ /home/com/gcc/11.1.0/bin/../libexec/gcc/x86_64-pc-linux-gnu/11.1.0/cc1plus -quiet -v -iprefix /home/com/gcc/11.1.0/bin/../lib/gcc/x86_64-pc-linux-gnu/11.1.0/ -D_GNU_SOURCE /home/com/cmake/3.20.2/share/cmake-3.20/Modules/CMakeCXXCompilerABI.cpp -quiet -dumpdir CMakeFiles/cmTC_472c5.dir/ -dumpbase CMakeCXXCompilerABI.cpp.cpp -dumpbase-ext .cpp -mtune=generic -march=x86-64 -version -o /tmp/ccsegdtT.s]
  ignore line: [GNU C++17 (GCC) version 11.1.0 (x86_64-pc-linux-gnu)]
  ignore line: [	compiled by GNU C version 11.1.0  GMP version 6.1.0  MPFR version 3.1.4  MPC version 1.0.3  isl version isl-0.18-GMP]
  ignore line: []
  ignore line: [GGC heuristics: --param ggc-min-expand=100 --param ggc-min-heapsize=131072]
  ignore line: [ignoring nonexistent directory "/home/com/gcc/11.1.0/bin/../lib/gcc/x86_64-pc-linux-gnu/11.1.0/../../../../x86_64-pc-linux-gnu/include"]
  ignore line: [ignoring duplicate directory "/home/com/gcc/11.1.0/bin/../lib/gcc/../../lib/gcc/x86_64-pc-linux-gnu/11.1.0/../../../../include/c++/11.1.0"]
  ignore line: [ignoring duplicate directory "/home/com/gcc/11.1.0/bin/../lib/gcc/../../lib/gcc/x86_64-pc-linux-gnu/11.1.0/../../../../include/c++/11.1.0/x86_64-pc-linux-gnu"]
  ignore line: [ignoring duplicate directory "/home/com/gcc/11.1.0/bin/../lib/gcc/../../lib/gcc/x86_64-pc-linux-gnu/11.1.0/../../../../include/c++/11.1.0/backward"]
  ignore line: [ignoring duplicate directory "/home/com/gcc/11.1.0/bin/../lib/gcc/../../lib/gcc/x86_64-pc-linux-gnu/11.1.0/include"]
  ignore line: [ignoring duplicate directory "/home/com/gcc/11.1.0/bin/../lib/gcc/../../lib/gcc/x86_64-pc-linux-gnu/11.1.0/include-fixed"]
  ignore line: [ignoring nonexistent directory "/home/com/gcc/11.1.0/bin/../lib/gcc/../../lib/gcc/x86_64-pc-linux-gnu/11.1.0/../../../../x86_64-pc-linux-gnu/include"]
  ignore line: [#include "..." search starts here:]
  ignore line: [#include <...> search starts here:]
  ignore line: [ /com/mpich/3.3.0//include]
  ignore line: [ /home/com/gcc/11.1.0/bin/../lib/gcc/x86_64-pc-linux-gnu/11.1.0/../../../../include/c++/11.1.0]
  ignore line: [ /home/com/gcc/11.1.0/bin/../lib/gcc/x86_64-pc-linux-gnu/11.1.0/../../../../include/c++/11.1.0/x86_64-pc-linux-gnu]
  ignore line: [ /home/com/gcc/11.1.0/bin/../lib/gcc/x86_64-pc-linux-gnu/11.1.0/../../../../include/c++/11.1.0/backward]
  ignore line: [ /home/com/gcc/11.1.0/bin/../lib/gcc/x86_64-pc-linux-gnu/11.1.0/include]
  ignore line: [ /home/com/gcc/11.1.0/bin/../lib/gcc/x86_64-pc-linux-gnu/11.1.0/include-fixed]
  ignore line: [ /usr/local/include]
  ignore line: [ /home/com/gcc/11.1.0/bin/../lib/gcc/../../include]
  ignore line: [ /usr/include]
  ignore line: [End of search list.]
  ignore line: [GNU C++17 (GCC) version 11.1.0 (x86_64-pc-linux-gnu)]
  ignore line: [	compiled by GNU C version 11.1.0  GMP version 6.1.0  MPFR version 3.1.4  MPC version 1.0.3  isl version isl-0.18-GMP]
  ignore line: []
  ignore line: [GGC heuristics: --param ggc-min-expand=100 --param ggc-min-heapsize=131072]
  ignore line: [Compiler executable checksum: 1aed90760e5fa77d554f8ca015833091]
  ignore line: [COLLECT_GCC_OPTIONS='-v' '-o' 'CMakeFiles/cmTC_472c5.dir/CMakeCXXCompilerABI.cpp.o' '-c' '-shared-libgcc' '-mtune=generic' '-march=x86-64' '-dumpdir' 'CMakeFiles/cmTC_472c5.dir/']
  ignore line: [ as -v --64 -o CMakeFiles/cmTC_472c5.dir/CMakeCXXCompilerABI.cpp.o /tmp/ccsegdtT.s]
  ignore line: [GNU assembler version 2.27 (x86_64-redhat-linux) using BFD version version 2.27-34.base.el7]
  ignore line: [COMPILER_PATH=/home/com/gcc/11.1.0/bin/../libexec/gcc/x86_64-pc-linux-gnu/11.1.0/:/home/com/gcc/11.1.0/bin/../libexec/gcc/]
  ignore line: [LIBRARY_PATH=/home/com/gcc/11.1.0/bin/../lib/gcc/x86_64-pc-linux-gnu/11.1.0/:/home/com/gcc/11.1.0/bin/../lib/gcc/:/home/com/gcc/11.1.0/bin/../lib/gcc/x86_64-pc-linux-gnu/11.1.0/../../../../lib64/:/lib/../lib64/:/usr/lib/../lib64/:/home/com/gcc/11.1.0/bin/../lib/gcc/x86_64-pc-linux-gnu/11.1.0/../../../:/lib/:/usr/lib/]
  ignore line: [COLLECT_GCC_OPTIONS='-v' '-o' 'CMakeFiles/cmTC_472c5.dir/CMakeCXXCompilerABI.cpp.o' '-c' '-shared-libgcc' '-mtune=generic' '-march=x86-64' '-dumpdir' 'CMakeFiles/cmTC_472c5.dir/CMakeCXXCompilerABI.cpp.']
  ignore line: [Linking CXX executable cmTC_472c5]
  ignore line: [/home/com/cmake/3.20.2/bin/cmake -E cmake_link_script CMakeFiles/cmTC_472c5.dir/link.txt --verbose=1]
  ignore line: [/com/gcc/11.1.0/bin/g++  -v -rdynamic CMakeFiles/cmTC_472c5.dir/CMakeCXXCompilerABI.cpp.o -o cmTC_472c5 ]
  ignore line: [Using built-in specs.]
  ignore line: [COLLECT_GCC=/com/gcc/11.1.0/bin/g++]
  ignore line: [COLLECT_LTO_WRAPPER=/home/com/gcc/11.1.0/bin/../libexec/gcc/x86_64-pc-linux-gnu/11.1.0/lto-wrapper]
  ignore line: [Target: x86_64-pc-linux-gnu]
  ignore line: [Configured with: ./configure --prefix=/com/gcc/11.1.0/ --disable-multilib]
  ignore line: [Thread model: posix]
  ignore line: [Supported LTO compression algorithms: zlib]
  ignore line: [gcc version 11.1.0 (GCC) ]
  ignore line: [COMPILER_PATH=/home/com/gcc/11.1.0/bin/../libexec/gcc/x86_64-pc-linux-gnu/11.1.0/:/home/com/gcc/11.1.0/bin/../libexec/gcc/]
  ignore line: [LIBRARY_PATH=/home/com/gcc/11.1.0/bin/../lib/gcc/x86_64-pc-linux-gnu/11.1.0/:/home/com/gcc/11.1.0/bin/../lib/gcc/:/home/com/gcc/11.1.0/bin/../lib/gcc/x86_64-pc-linux-gnu/11.1.0/../../../../lib64/:/lib/../lib64/:/usr/lib/../lib64/:/home/com/gcc/11.1.0/bin/../lib/gcc/x86_64-pc-linux-gnu/11.1.0/../../../:/lib/:/usr/lib/]
  ignore line: [COLLECT_GCC_OPTIONS='-v' '-rdynamic' '-o' 'cmTC_472c5' '-shared-libgcc' '-mtune=generic' '-march=x86-64' '-dumpdir' 'cmTC_472c5.']
  link line: [ /home/com/gcc/11.1.0/bin/../libexec/gcc/x86_64-pc-linux-gnu/11.1.0/collect2 -plugin /home/com/gcc/11.1.0/bin/../libexec/gcc/x86_64-pc-linux-gnu/11.1.0/liblto_plugin.so -plugin-opt=/home/com/gcc/11.1.0/bin/../libexec/gcc/x86_64-pc-linux-gnu/11.1.0/lto-wrapper -plugin-opt=-fresolution=/tmp/ccQIXdMV.res -plugin-opt=-pass-through=-lgcc_s -plugin-opt=-pass-through=-lgcc -plugin-opt=-pass-through=-lc -plugin-opt=-pass-through=-lgcc_s -plugin-opt=-pass-through=-lgcc --eh-frame-hdr -m elf_x86_64 -export-dynamic -dynamic-linker /lib64/ld-linux-x86-64.so.2 -o cmTC_472c5 /lib/../lib64/crt1.o /lib/../lib64/crti.o /home/com/gcc/11.1.0/bin/../lib/gcc/x86_64-pc-linux-gnu/11.1.0/crtbegin.o -L/home/com/gcc/11.1.0/bin/../lib/gcc/x86_64-pc-linux-gnu/11.1.0 -L/home/com/gcc/11.1.0/bin/../lib/gcc -L/home/com/gcc/11.1.0/bin/../lib/gcc/x86_64-pc-linux-gnu/11.1.0/../../../../lib64 -L/lib/../lib64 -L/usr/lib/../lib64 -L/home/com/gcc/11.1.0/bin/../lib/gcc/x86_64-pc-linux-gnu/11.1.0/../../.. CMakeFiles/cmTC_472c5.dir/CMakeCXXCompilerABI.cpp.o -lstdc++ -lm -lgcc_s -lgcc -lc -lgcc_s -lgcc /home/com/gcc/11.1.0/bin/../lib/gcc/x86_64-pc-linux-gnu/11.1.0/crtend.o /lib/../lib64/crtn.o]
    arg [/home/com/gcc/11.1.0/bin/../libexec/gcc/x86_64-pc-linux-gnu/11.1.0/collect2] ==> ignore
    arg [-plugin] ==> ignore
    arg [/home/com/gcc/11.1.0/bin/../libexec/gcc/x86_64-pc-linux-gnu/11.1.0/liblto_plugin.so] ==> ignore
    arg [-plugin-opt=/home/com/gcc/11.1.0/bin/../libexec/gcc/x86_64-pc-linux-gnu/11.1.0/lto-wrapper] ==> ignore
    arg [-plugin-opt=-fresolution=/tmp/ccQIXdMV.res] ==> ignore
    arg [-plugin-opt=-pass-through=-lgcc_s] ==> ignore
    arg [-plugin-opt=-pass-through=-lgcc] ==> ignore
    arg [-plugin-opt=-pass-through=-lc] ==> ignore
    arg [-plugin-opt=-pass-through=-lgcc_s] ==> ignore
    arg [-plugin-opt=-pass-through=-lgcc] ==> ignore
    arg [--eh-frame-hdr] ==> ignore
    arg [-m] ==> ignore
    arg [elf_x86_64] ==> ignore
    arg [-export-dynamic] ==> ignore
    arg [-dynamic-linker] ==> ignore
    arg [/lib64/ld-linux-x86-64.so.2] ==> ignore
    arg [-o] ==> ignore
    arg [cmTC_472c5] ==> ignore
    arg [/lib/../lib64/crt1.o] ==> obj [/lib/../lib64/crt1.o]
    arg [/lib/../lib64/crti.o] ==> obj [/lib/../lib64/crti.o]
    arg [/home/com/gcc/11.1.0/bin/../lib/gcc/x86_64-pc-linux-gnu/11.1.0/crtbegin.o] ==> obj [/home/com/gcc/11.1.0/bin/../lib/gcc/x86_64-pc-linux-gnu/11.1.0/crtbegin.o]
    arg [-L/home/com/gcc/11.1.0/bin/../lib/gcc/x86_64-pc-linux-gnu/11.1.0] ==> dir [/home/com/gcc/11.1.0/bin/../lib/gcc/x86_64-pc-linux-gnu/11.1.0]
    arg [-L/home/com/gcc/11.1.0/bin/../lib/gcc] ==> dir [/home/com/gcc/11.1.0/bin/../lib/gcc]
    arg [-L/home/com/gcc/11.1.0/bin/../lib/gcc/x86_64-pc-linux-gnu/11.1.0/../../../../lib64] ==> dir [/home/com/gcc/11.1.0/bin/../lib/gcc/x86_64-pc-linux-gnu/11.1.0/../../../../lib64]
    arg [-L/lib/../lib64] ==> dir [/lib/../lib64]
    arg [-L/usr/lib/../lib64] ==> dir [/usr/lib/../lib64]
    arg [-L/home/com/gcc/11.1.0/bin/../lib/gcc/x86_64-pc-linux-gnu/11.1.0/../../..] ==> dir [/home/com/gcc/11.1.0/bin/../lib/gcc/x86_64-pc-linux-gnu/11.1.0/../../..]
    arg [CMakeFiles/cmTC_472c5.dir/CMakeCXXCompilerABI.cpp.o] ==> ignore
    arg [-lstdc++] ==> lib [stdc++]
    arg [-lm] ==> lib [m]
    arg [-lgcc_s] ==> lib [gcc_s]
    arg [-lgcc] ==> lib [gcc]
    arg [-lc] ==> lib [c]
    arg [-lgcc_s] ==> lib [gcc_s]
    arg [-lgcc] ==> lib [gcc]
    arg [/home/com/gcc/11.1.0/bin/../lib/gcc/x86_64-pc-linux-gnu/11.1.0/crtend.o] ==> obj [/home/com/gcc/11.1.0/bin/../lib/gcc/x86_64-pc-linux-gnu/11.1.0/crtend.o]
    arg [/lib/../lib64/crtn.o] ==> obj [/lib/../lib64/crtn.o]
  collapse obj [/lib/../lib64/crt1.o] ==> [/lib64/crt1.o]
  collapse obj [/lib/../lib64/crti.o] ==> [/lib64/crti.o]
  collapse obj [/home/com/gcc/11.1.0/bin/../lib/gcc/x86_64-pc-linux-gnu/11.1.0/crtbegin.o] ==> [/home/com/gcc/11.1.0/lib/gcc/x86_64-pc-linux-gnu/11.1.0/crtbegin.o]
  collapse obj [/home/com/gcc/11.1.0/bin/../lib/gcc/x86_64-pc-linux-gnu/11.1.0/crtend.o] ==> [/home/com/gcc/11.1.0/lib/gcc/x86_64-pc-linux-gnu/11.1.0/crtend.o]
  collapse obj [/lib/../lib64/crtn.o] ==> [/lib64/crtn.o]
  collapse library dir [/home/com/gcc/11.1.0/bin/../lib/gcc/x86_64-pc-linux-gnu/11.1.0] ==> [/home/com/gcc/11.1.0/lib/gcc/x86_64-pc-linux-gnu/11.1.0]
  collapse library dir [/home/com/gcc/11.1.0/bin/../lib/gcc] ==> [/home/com/gcc/11.1.0/lib/gcc]
  collapse library dir [/home/com/gcc/11.1.0/bin/../lib/gcc/x86_64-pc-linux-gnu/11.1.0/../../../../lib64] ==> [/home/com/gcc/11.1.0/lib64]
  collapse library dir [/lib/../lib64] ==> [/lib64]
  collapse library dir [/usr/lib/../lib64] ==> [/usr/lib64]
  collapse library dir [/home/com/gcc/11.1.0/bin/../lib/gcc/x86_64-pc-linux-gnu/11.1.0/../../..] ==> [/home/com/gcc/11.1.0/lib]
  implicit libs: [stdc++;m;gcc_s;gcc;c;gcc_s;gcc]
  implicit objs: [/lib64/crt1.o;/lib64/crti.o;/home/com/gcc/11.1.0/lib/gcc/x86_64-pc-linux-gnu/11.1.0/crtbegin.o;/home/com/gcc/11.1.0/lib/gcc/x86_64-pc-linux-gnu/11.1.0/crtend.o;/lib64/crtn.o]
  implicit dirs: [/home/com/gcc/11.1.0/lib/gcc/x86_64-pc-linux-gnu/11.1.0;/home/com/gcc/11.1.0/lib/gcc;/home/com/gcc/11.1.0/lib64;/lib64;/usr/lib64;/home/com/gcc/11.1.0/lib]
  implicit fwks: []


Detecting C OpenMP compiler ABI info compiled with the following output:
Change Dir: /home/aurelien.vadrot/TOOLS/smarties/build/CMakeFiles/CMakeTmp

Run Build Command(s):/usr/bin/gmake -f Makefile cmTC_af799/fast && /usr/bin/gmake  -f CMakeFiles/cmTC_af799.dir/build.make CMakeFiles/cmTC_af799.dir/build
gmake[1]: Entering directory `/home/aurelien.vadrot/TOOLS/smarties/build/CMakeFiles/CMakeTmp'
Building C object CMakeFiles/cmTC_af799.dir/OpenMPTryFlag.c.o
/com/gcc/11.1.0/bin/gcc   -fopenmp -v -o CMakeFiles/cmTC_af799.dir/OpenMPTryFlag.c.o -c /home/aurelien.vadrot/TOOLS/smarties/build/CMakeFiles/FindOpenMP/OpenMPTryFlag.c
Using built-in specs.
COLLECT_GCC=/com/gcc/11.1.0/bin/gcc
Target: x86_64-pc-linux-gnu
Configured with: ./configure --prefix=/com/gcc/11.1.0/ --disable-multilib
Thread model: posix
Supported LTO compression algorithms: zlib
gcc version 11.1.0 (GCC) 
COLLECT_GCC_OPTIONS='-fopenmp' '-v' '-o' 'CMakeFiles/cmTC_af799.dir/OpenMPTryFlag.c.o' '-c' '-mtune=generic' '-march=x86-64' '-pthread' '-dumpdir' 'CMakeFiles/cmTC_af799.dir/'
 /home/com/gcc/11.1.0/bin/../libexec/gcc/x86_64-pc-linux-gnu/11.1.0/cc1 -quiet -v -iprefix /home/com/gcc/11.1.0/bin/../lib/gcc/x86_64-pc-linux-gnu/11.1.0/ -D_REENTRANT /home/aurelien.vadrot/TOOLS/smarties/build/CMakeFiles/FindOpenMP/OpenMPTryFlag.c -quiet -dumpdir CMakeFiles/cmTC_af799.dir/ -dumpbase OpenMPTryFlag.c.c -dumpbase-ext .c -mtune=generic -march=x86-64 -version -fopenmp -o /tmp/ccCnDhTY.s
GNU C17 (GCC) version 11.1.0 (x86_64-pc-linux-gnu)
	compiled by GNU C version 11.1.0, GMP version 6.1.0, MPFR version 3.1.4, MPC version 1.0.3, isl version isl-0.18-GMP

GGC heuristics: --param ggc-min-expand=100 --param ggc-min-heapsize=131072
ignoring nonexistent directory "/home/com/gcc/11.1.0/bin/../lib/gcc/x86_64-pc-linux-gnu/11.1.0/../../../../x86_64-pc-linux-gnu/include"
ignoring duplicate directory "/home/com/gcc/11.1.0/bin/../lib/gcc/../../lib/gcc/x86_64-pc-linux-gnu/11.1.0/include"
ignoring duplicate directory "/home/com/gcc/11.1.0/bin/../lib/gcc/../../lib/gcc/x86_64-pc-linux-gnu/11.1.0/include-fixed"
ignoring nonexistent directory "/home/com/gcc/11.1.0/bin/../lib/gcc/../../lib/gcc/x86_64-pc-linux-gnu/11.1.0/../../../../x86_64-pc-linux-gnu/include"
#include "..." search starts here:
#include <...> search starts here:
 /com/mpich/3.3.0//include
 /home/com/gcc/11.1.0/bin/../lib/gcc/x86_64-pc-linux-gnu/11.1.0/include
 /home/com/gcc/11.1.0/bin/../lib/gcc/x86_64-pc-linux-gnu/11.1.0/include-fixed
 /usr/local/include
 /home/com/gcc/11.1.0/bin/../lib/gcc/../../include
 /usr/include
End of search list.
GNU C17 (GCC) version 11.1.0 (x86_64-pc-linux-gnu)
	compiled by GNU C version 11.1.0, GMP version 6.1.0, MPFR version 3.1.4, MPC version 1.0.3, isl version isl-0.18-GMP

GGC heuristics: --param ggc-min-expand=100 --param ggc-min-heapsize=131072
Compiler executable checksum: a60a522f44c45e6d1c42a25364cc0d97
COLLECT_GCC_OPTIONS='-fopenmp' '-v' '-o' 'CMakeFiles/cmTC_af799.dir/OpenMPTryFlag.c.o' '-c' '-mtune=generic' '-march=x86-64' '-pthread' '-dumpdir' 'CMakeFiles/cmTC_af799.dir/'
 as -v --64 -o CMakeFiles/cmTC_af799.dir/OpenMPTryFlag.c.o /tmp/ccCnDhTY.s
GNU assembler version 2.27 (x86_64-redhat-linux) using BFD version version 2.27-34.base.el7
COMPILER_PATH=/home/com/gcc/11.1.0/bin/../libexec/gcc/x86_64-pc-linux-gnu/11.1.0/:/home/com/gcc/11.1.0/bin/../libexec/gcc/
LIBRARY_PATH=/home/com/gcc/11.1.0/bin/../lib/gcc/x86_64-pc-linux-gnu/11.1.0/:/home/com/gcc/11.1.0/bin/../lib/gcc/:/home/com/gcc/11.1.0/bin/../lib/gcc/x86_64-pc-linux-gnu/11.1.0/../../../../lib64/:/lib/../lib64/:/usr/lib/../lib64/:/home/com/gcc/11.1.0/bin/../lib/gcc/x86_64-pc-linux-gnu/11.1.0/../../../:/lib/:/usr/lib/
COLLECT_GCC_OPTIONS='-fopenmp' '-v' '-o' 'CMakeFiles/cmTC_af799.dir/OpenMPTryFlag.c.o' '-c' '-mtune=generic' '-march=x86-64' '-pthread' '-dumpdir' 'CMakeFiles/cmTC_af799.dir/OpenMPTryFlag.c.'
Linking C executable cmTC_af799
/home/com/cmake/3.20.2/bin/cmake -E cmake_link_script CMakeFiles/cmTC_af799.dir/link.txt --verbose=1
/com/gcc/11.1.0/bin/gcc  -fopenmp -v -rdynamic CMakeFiles/cmTC_af799.dir/OpenMPTryFlag.c.o -o cmTC_af799  -v 
Using built-in specs.
COLLECT_GCC=/com/gcc/11.1.0/bin/gcc
COLLECT_LTO_WRAPPER=/home/com/gcc/11.1.0/bin/../libexec/gcc/x86_64-pc-linux-gnu/11.1.0/lto-wrapper
Target: x86_64-pc-linux-gnu
Configured with: ./configure --prefix=/com/gcc/11.1.0/ --disable-multilib
Thread model: posix
Supported LTO compression algorithms: zlib
gcc version 11.1.0 (GCC) 
COMPILER_PATH=/home/com/gcc/11.1.0/bin/../libexec/gcc/x86_64-pc-linux-gnu/11.1.0/:/home/com/gcc/11.1.0/bin/../libexec/gcc/
LIBRARY_PATH=/home/com/gcc/11.1.0/bin/../lib/gcc/x86_64-pc-linux-gnu/11.1.0/:/home/com/gcc/11.1.0/bin/../lib/gcc/:/home/com/gcc/11.1.0/bin/../lib/gcc/x86_64-pc-linux-gnu/11.1.0/../../../../lib64/:/lib/../lib64/:/usr/lib/../lib64/:/home/com/gcc/11.1.0/bin/../lib/gcc/x86_64-pc-linux-gnu/11.1.0/../../../:/lib/:/usr/lib/
Reading specs from /home/com/gcc/11.1.0/bin/../lib/gcc/x86_64-pc-linux-gnu/11.1.0/../../../../lib64/libgomp.spec
COLLECT_GCC_OPTIONS='-fopenmp' '-v' '-rdynamic' '-o' 'cmTC_af799' '-v' '-mtune=generic' '-march=x86-64' '-pthread' '-dumpdir' 'cmTC_af799.'
 /home/com/gcc/11.1.0/bin/../libexec/gcc/x86_64-pc-linux-gnu/11.1.0/collect2 -plugin /home/com/gcc/11.1.0/bin/../libexec/gcc/x86_64-pc-linux-gnu/11.1.0/liblto_plugin.so -plugin-opt=/home/com/gcc/11.1.0/bin/../libexec/gcc/x86_64-pc-linux-gnu/11.1.0/lto-wrapper -plugin-opt=-fresolution=/tmp/ccq00xC0.res -plugin-opt=-pass-through=-lgcc -plugin-opt=-pass-through=-lgcc_s -plugin-opt=-pass-through=-lpthread -plugin-opt=-pass-through=-lc -plugin-opt=-pass-through=-lgcc -plugin-opt=-pass-through=-lgcc_s --eh-frame-hdr -m elf_x86_64 -export-dynamic -dynamic-linker /lib64/ld-linux-x86-64.so.2 -o cmTC_af799 /lib/../lib64/crt1.o /lib/../lib64/crti.o /home/com/gcc/11.1.0/bin/../lib/gcc/x86_64-pc-linux-gnu/11.1.0/crtbegin.o -L/home/com/gcc/11.1.0/bin/../lib/gcc/x86_64-pc-linux-gnu/11.1.0 -L/home/com/gcc/11.1.0/bin/../lib/gcc -L/home/com/gcc/11.1.0/bin/../lib/gcc/x86_64-pc-linux-gnu/11.1.0/../../../../lib64 -L/lib/../lib64 -L/usr/lib/../lib64 -L/home/com/gcc/11.1.0/bin/../lib/gcc/x86_64-pc-linux-gnu/11.1.0/../../.. CMakeFiles/cmTC_af799.dir/OpenMPTryFlag.c.o -lgomp -lgcc --as-needed -lgcc_s --no-as-needed -lpthread -lc -lgcc --as-needed -lgcc_s --no-as-needed /home/com/gcc/11.1.0/bin/../lib/gcc/x86_64-pc-linux-gnu/11.1.0/crtend.o /lib/../lib64/crtn.o
COLLECT_GCC_OPTIONS='-fopenmp' '-v' '-rdynamic' '-o' 'cmTC_af799' '-v' '-mtune=generic' '-march=x86-64' '-pthread' '-dumpdir' 'cmTC_af799.'
gmake[1]: Leaving directory `/home/aurelien.vadrot/TOOLS/smarties/build/CMakeFiles/CMakeTmp'



Parsed C OpenMP implicit link information from above output:
  link line regex: [^( *|.*[/\])(ld|CMAKE_LINK_STARTFILE-NOTFOUND|([^/\]+-)?ld|collect2)[^/\]*( |$)]
  ignore line: [Change Dir: /home/aurelien.vadrot/TOOLS/smarties/build/CMakeFiles/CMakeTmp]
  ignore line: []
  ignore line: [Run Build Command(s):/usr/bin/gmake -f Makefile cmTC_af799/fast && /usr/bin/gmake  -f CMakeFiles/cmTC_af799.dir/build.make CMakeFiles/cmTC_af799.dir/build]
  ignore line: [gmake[1]: Entering directory `/home/aurelien.vadrot/TOOLS/smarties/build/CMakeFiles/CMakeTmp']
  ignore line: [Building C object CMakeFiles/cmTC_af799.dir/OpenMPTryFlag.c.o]
  ignore line: [/com/gcc/11.1.0/bin/gcc   -fopenmp -v -o CMakeFiles/cmTC_af799.dir/OpenMPTryFlag.c.o -c /home/aurelien.vadrot/TOOLS/smarties/build/CMakeFiles/FindOpenMP/OpenMPTryFlag.c]
  ignore line: [Using built-in specs.]
  ignore line: [COLLECT_GCC=/com/gcc/11.1.0/bin/gcc]
  ignore line: [Target: x86_64-pc-linux-gnu]
  ignore line: [Configured with: ./configure --prefix=/com/gcc/11.1.0/ --disable-multilib]
  ignore line: [Thread model: posix]
  ignore line: [Supported LTO compression algorithms: zlib]
  ignore line: [gcc version 11.1.0 (GCC) ]
  ignore line: [COLLECT_GCC_OPTIONS='-fopenmp' '-v' '-o' 'CMakeFiles/cmTC_af799.dir/OpenMPTryFlag.c.o' '-c' '-mtune=generic' '-march=x86-64' '-pthread' '-dumpdir' 'CMakeFiles/cmTC_af799.dir/']
  ignore line: [ /home/com/gcc/11.1.0/bin/../libexec/gcc/x86_64-pc-linux-gnu/11.1.0/cc1 -quiet -v -iprefix /home/com/gcc/11.1.0/bin/../lib/gcc/x86_64-pc-linux-gnu/11.1.0/ -D_REENTRANT /home/aurelien.vadrot/TOOLS/smarties/build/CMakeFiles/FindOpenMP/OpenMPTryFlag.c -quiet -dumpdir CMakeFiles/cmTC_af799.dir/ -dumpbase OpenMPTryFlag.c.c -dumpbase-ext .c -mtune=generic -march=x86-64 -version -fopenmp -o /tmp/ccCnDhTY.s]
  ignore line: [GNU C17 (GCC) version 11.1.0 (x86_64-pc-linux-gnu)]
  ignore line: [	compiled by GNU C version 11.1.0  GMP version 6.1.0  MPFR version 3.1.4  MPC version 1.0.3  isl version isl-0.18-GMP]
  ignore line: []
  ignore line: [GGC heuristics: --param ggc-min-expand=100 --param ggc-min-heapsize=131072]
  ignore line: [ignoring nonexistent directory "/home/com/gcc/11.1.0/bin/../lib/gcc/x86_64-pc-linux-gnu/11.1.0/../../../../x86_64-pc-linux-gnu/include"]
  ignore line: [ignoring duplicate directory "/home/com/gcc/11.1.0/bin/../lib/gcc/../../lib/gcc/x86_64-pc-linux-gnu/11.1.0/include"]
  ignore line: [ignoring duplicate directory "/home/com/gcc/11.1.0/bin/../lib/gcc/../../lib/gcc/x86_64-pc-linux-gnu/11.1.0/include-fixed"]
  ignore line: [ignoring nonexistent directory "/home/com/gcc/11.1.0/bin/../lib/gcc/../../lib/gcc/x86_64-pc-linux-gnu/11.1.0/../../../../x86_64-pc-linux-gnu/include"]
  ignore line: [#include "..." search starts here:]
  ignore line: [#include <...> search starts here:]
  ignore line: [ /com/mpich/3.3.0//include]
  ignore line: [ /home/com/gcc/11.1.0/bin/../lib/gcc/x86_64-pc-linux-gnu/11.1.0/include]
  ignore line: [ /home/com/gcc/11.1.0/bin/../lib/gcc/x86_64-pc-linux-gnu/11.1.0/include-fixed]
  ignore line: [ /usr/local/include]
  ignore line: [ /home/com/gcc/11.1.0/bin/../lib/gcc/../../include]
  ignore line: [ /usr/include]
  ignore line: [End of search list.]
  ignore line: [GNU C17 (GCC) version 11.1.0 (x86_64-pc-linux-gnu)]
  ignore line: [	compiled by GNU C version 11.1.0  GMP version 6.1.0  MPFR version 3.1.4  MPC version 1.0.3  isl version isl-0.18-GMP]
  ignore line: []
  ignore line: [GGC heuristics: --param ggc-min-expand=100 --param ggc-min-heapsize=131072]
  ignore line: [Compiler executable checksum: a60a522f44c45e6d1c42a25364cc0d97]
  ignore line: [COLLECT_GCC_OPTIONS='-fopenmp' '-v' '-o' 'CMakeFiles/cmTC_af799.dir/OpenMPTryFlag.c.o' '-c' '-mtune=generic' '-march=x86-64' '-pthread' '-dumpdir' 'CMakeFiles/cmTC_af799.dir/']
  ignore line: [ as -v --64 -o CMakeFiles/cmTC_af799.dir/OpenMPTryFlag.c.o /tmp/ccCnDhTY.s]
  ignore line: [GNU assembler version 2.27 (x86_64-redhat-linux) using BFD version version 2.27-34.base.el7]
  ignore line: [COMPILER_PATH=/home/com/gcc/11.1.0/bin/../libexec/gcc/x86_64-pc-linux-gnu/11.1.0/:/home/com/gcc/11.1.0/bin/../libexec/gcc/]
  ignore line: [LIBRARY_PATH=/home/com/gcc/11.1.0/bin/../lib/gcc/x86_64-pc-linux-gnu/11.1.0/:/home/com/gcc/11.1.0/bin/../lib/gcc/:/home/com/gcc/11.1.0/bin/../lib/gcc/x86_64-pc-linux-gnu/11.1.0/../../../../lib64/:/lib/../lib64/:/usr/lib/../lib64/:/home/com/gcc/11.1.0/bin/../lib/gcc/x86_64-pc-linux-gnu/11.1.0/../../../:/lib/:/usr/lib/]
  ignore line: [COLLECT_GCC_OPTIONS='-fopenmp' '-v' '-o' 'CMakeFiles/cmTC_af799.dir/OpenMPTryFlag.c.o' '-c' '-mtune=generic' '-march=x86-64' '-pthread' '-dumpdir' 'CMakeFiles/cmTC_af799.dir/OpenMPTryFlag.c.']
  ignore line: [Linking C executable cmTC_af799]
  ignore line: [/home/com/cmake/3.20.2/bin/cmake -E cmake_link_script CMakeFiles/cmTC_af799.dir/link.txt --verbose=1]
  ignore line: [/com/gcc/11.1.0/bin/gcc  -fopenmp -v -rdynamic CMakeFiles/cmTC_af799.dir/OpenMPTryFlag.c.o -o cmTC_af799  -v ]
  ignore line: [Using built-in specs.]
  ignore line: [COLLECT_GCC=/com/gcc/11.1.0/bin/gcc]
  ignore line: [COLLECT_LTO_WRAPPER=/home/com/gcc/11.1.0/bin/../libexec/gcc/x86_64-pc-linux-gnu/11.1.0/lto-wrapper]
  ignore line: [Target: x86_64-pc-linux-gnu]
  ignore line: [Configured with: ./configure --prefix=/com/gcc/11.1.0/ --disable-multilib]
  ignore line: [Thread model: posix]
  ignore line: [Supported LTO compression algorithms: zlib]
  ignore line: [gcc version 11.1.0 (GCC) ]
  ignore line: [COMPILER_PATH=/home/com/gcc/11.1.0/bin/../libexec/gcc/x86_64-pc-linux-gnu/11.1.0/:/home/com/gcc/11.1.0/bin/../libexec/gcc/]
  ignore line: [LIBRARY_PATH=/home/com/gcc/11.1.0/bin/../lib/gcc/x86_64-pc-linux-gnu/11.1.0/:/home/com/gcc/11.1.0/bin/../lib/gcc/:/home/com/gcc/11.1.0/bin/../lib/gcc/x86_64-pc-linux-gnu/11.1.0/../../../../lib64/:/lib/../lib64/:/usr/lib/../lib64/:/home/com/gcc/11.1.0/bin/../lib/gcc/x86_64-pc-linux-gnu/11.1.0/../../../:/lib/:/usr/lib/]
  ignore line: [Reading specs from /home/com/gcc/11.1.0/bin/../lib/gcc/x86_64-pc-linux-gnu/11.1.0/../../../../lib64/libgomp.spec]
  ignore line: [COLLECT_GCC_OPTIONS='-fopenmp' '-v' '-rdynamic' '-o' 'cmTC_af799' '-v' '-mtune=generic' '-march=x86-64' '-pthread' '-dumpdir' 'cmTC_af799.']
  link line: [ /home/com/gcc/11.1.0/bin/../libexec/gcc/x86_64-pc-linux-gnu/11.1.0/collect2 -plugin /home/com/gcc/11.1.0/bin/../libexec/gcc/x86_64-pc-linux-gnu/11.1.0/liblto_plugin.so -plugin-opt=/home/com/gcc/11.1.0/bin/../libexec/gcc/x86_64-pc-linux-gnu/11.1.0/lto-wrapper -plugin-opt=-fresolution=/tmp/ccq00xC0.res -plugin-opt=-pass-through=-lgcc -plugin-opt=-pass-through=-lgcc_s -plugin-opt=-pass-through=-lpthread -plugin-opt=-pass-through=-lc -plugin-opt=-pass-through=-lgcc -plugin-opt=-pass-through=-lgcc_s --eh-frame-hdr -m elf_x86_64 -export-dynamic -dynamic-linker /lib64/ld-linux-x86-64.so.2 -o cmTC_af799 /lib/../lib64/crt1.o /lib/../lib64/crti.o /home/com/gcc/11.1.0/bin/../lib/gcc/x86_64-pc-linux-gnu/11.1.0/crtbegin.o -L/home/com/gcc/11.1.0/bin/../lib/gcc/x86_64-pc-linux-gnu/11.1.0 -L/home/com/gcc/11.1.0/bin/../lib/gcc -L/home/com/gcc/11.1.0/bin/../lib/gcc/x86_64-pc-linux-gnu/11.1.0/../../../../lib64 -L/lib/../lib64 -L/usr/lib/../lib64 -L/home/com/gcc/11.1.0/bin/../lib/gcc/x86_64-pc-linux-gnu/11.1.0/../../.. CMakeFiles/cmTC_af799.dir/OpenMPTryFlag.c.o -lgomp -lgcc --as-needed -lgcc_s --no-as-needed -lpthread -lc -lgcc --as-needed -lgcc_s --no-as-needed /home/com/gcc/11.1.0/bin/../lib/gcc/x86_64-pc-linux-gnu/11.1.0/crtend.o /lib/../lib64/crtn.o]
    arg [/home/com/gcc/11.1.0/bin/../libexec/gcc/x86_64-pc-linux-gnu/11.1.0/collect2] ==> ignore
    arg [-plugin] ==> ignore
    arg [/home/com/gcc/11.1.0/bin/../libexec/gcc/x86_64-pc-linux-gnu/11.1.0/liblto_plugin.so] ==> ignore
    arg [-plugin-opt=/home/com/gcc/11.1.0/bin/../libexec/gcc/x86_64-pc-linux-gnu/11.1.0/lto-wrapper] ==> ignore
    arg [-plugin-opt=-fresolution=/tmp/ccq00xC0.res] ==> ignore
    arg [-plugin-opt=-pass-through=-lgcc] ==> ignore
    arg [-plugin-opt=-pass-through=-lgcc_s] ==> ignore
    arg [-plugin-opt=-pass-through=-lpthread] ==> ignore
    arg [-plugin-opt=-pass-through=-lc] ==> ignore
    arg [-plugin-opt=-pass-through=-lgcc] ==> ignore
    arg [-plugin-opt=-pass-through=-lgcc_s] ==> ignore
    arg [--eh-frame-hdr] ==> ignore
    arg [-m] ==> ignore
    arg [elf_x86_64] ==> ignore
    arg [-export-dynamic] ==> ignore
    arg [-dynamic-linker] ==> ignore
    arg [/lib64/ld-linux-x86-64.so.2] ==> ignore
    arg [-o] ==> ignore
    arg [cmTC_af799] ==> ignore
    arg [-L/home/com/gcc/11.1.0/bin/../lib/gcc/x86_64-pc-linux-gnu/11.1.0] ==> dir [/home/com/gcc/11.1.0/bin/../lib/gcc/x86_64-pc-linux-gnu/11.1.0]
    arg [-L/home/com/gcc/11.1.0/bin/../lib/gcc] ==> dir [/home/com/gcc/11.1.0/bin/../lib/gcc]
    arg [-L/home/com/gcc/11.1.0/bin/../lib/gcc/x86_64-pc-linux-gnu/11.1.0/../../../../lib64] ==> dir [/home/com/gcc/11.1.0/bin/../lib/gcc/x86_64-pc-linux-gnu/11.1.0/../../../../lib64]
    arg [-L/lib/../lib64] ==> dir [/lib/../lib64]
    arg [-L/usr/lib/../lib64] ==> dir [/usr/lib/../lib64]
    arg [-L/home/com/gcc/11.1.0/bin/../lib/gcc/x86_64-pc-linux-gnu/11.1.0/../../..] ==> dir [/home/com/gcc/11.1.0/bin/../lib/gcc/x86_64-pc-linux-gnu/11.1.0/../../..]
    arg [CMakeFiles/cmTC_af799.dir/OpenMPTryFlag.c.o] ==> ignore
    arg [-lgomp] ==> lib [gomp]
    arg [-lgcc] ==> lib [gcc]
    arg [--as-needed] ==> ignore
    arg [-lgcc_s] ==> lib [gcc_s]
    arg [--no-as-needed] ==> ignore
    arg [-lpthread] ==> lib [pthread]
    arg [-lc] ==> lib [c]
    arg [-lgcc] ==> lib [gcc]
    arg [--as-needed] ==> ignore
    arg [-lgcc_s] ==> lib [gcc_s]
    arg [--no-as-needed] ==> ignore
  collapse library dir [/home/com/gcc/11.1.0/bin/../lib/gcc/x86_64-pc-linux-gnu/11.1.0] ==> [/home/com/gcc/11.1.0/lib/gcc/x86_64-pc-linux-gnu/11.1.0]
  collapse library dir [/home/com/gcc/11.1.0/bin/../lib/gcc] ==> [/home/com/gcc/11.1.0/lib/gcc]
  collapse library dir [/home/com/gcc/11.1.0/bin/../lib/gcc/x86_64-pc-linux-gnu/11.1.0/../../../../lib64] ==> [/home/com/gcc/11.1.0/lib64]
  collapse library dir [/lib/../lib64] ==> [/lib64]
  collapse library dir [/usr/lib/../lib64] ==> [/usr/lib64]
  collapse library dir [/home/com/gcc/11.1.0/bin/../lib/gcc/x86_64-pc-linux-gnu/11.1.0/../../..] ==> [/home/com/gcc/11.1.0/lib]
  implicit libs: [gomp;gcc;gcc_s;pthread;c;gcc;gcc_s]
  implicit objs: []
  implicit dirs: [/home/com/gcc/11.1.0/lib/gcc/x86_64-pc-linux-gnu/11.1.0;/home/com/gcc/11.1.0/lib/gcc;/home/com/gcc/11.1.0/lib64;/lib64;/usr/lib64;/home/com/gcc/11.1.0/lib]
  implicit fwks: []


Detecting CXX OpenMP compiler ABI info compiled with the following output:
Change Dir: /home/aurelien.vadrot/TOOLS/smarties/build/CMakeFiles/CMakeTmp

Run Build Command(s):/usr/bin/gmake -f Makefile cmTC_7e742/fast && /usr/bin/gmake  -f CMakeFiles/cmTC_7e742.dir/build.make CMakeFiles/cmTC_7e742.dir/build
gmake[1]: Entering directory `/home/aurelien.vadrot/TOOLS/smarties/build/CMakeFiles/CMakeTmp'
Building CXX object CMakeFiles/cmTC_7e742.dir/OpenMPTryFlag.cpp.o
/com/gcc/11.1.0/bin/g++   -fopenmp -v -o CMakeFiles/cmTC_7e742.dir/OpenMPTryFlag.cpp.o -c /home/aurelien.vadrot/TOOLS/smarties/build/CMakeFiles/FindOpenMP/OpenMPTryFlag.cpp
Using built-in specs.
COLLECT_GCC=/com/gcc/11.1.0/bin/g++
Target: x86_64-pc-linux-gnu
Configured with: ./configure --prefix=/com/gcc/11.1.0/ --disable-multilib
Thread model: posix
Supported LTO compression algorithms: zlib
gcc version 11.1.0 (GCC) 
COLLECT_GCC_OPTIONS='-fopenmp' '-v' '-o' 'CMakeFiles/cmTC_7e742.dir/OpenMPTryFlag.cpp.o' '-c' '-shared-libgcc' '-mtune=generic' '-march=x86-64' '-pthread' '-dumpdir' 'CMakeFiles/cmTC_7e742.dir/'
 /home/com/gcc/11.1.0/bin/../libexec/gcc/x86_64-pc-linux-gnu/11.1.0/cc1plus -quiet -v -iprefix /home/com/gcc/11.1.0/bin/../lib/gcc/x86_64-pc-linux-gnu/11.1.0/ -D_GNU_SOURCE -D_REENTRANT /home/aurelien.vadrot/TOOLS/smarties/build/CMakeFiles/FindOpenMP/OpenMPTryFlag.cpp -quiet -dumpdir CMakeFiles/cmTC_7e742.dir/ -dumpbase OpenMPTryFlag.cpp.cpp -dumpbase-ext .cpp -mtune=generic -march=x86-64 -version -fopenmp -o /tmp/ccSHPeJ5.s
GNU C++17 (GCC) version 11.1.0 (x86_64-pc-linux-gnu)
	compiled by GNU C version 11.1.0, GMP version 6.1.0, MPFR version 3.1.4, MPC version 1.0.3, isl version isl-0.18-GMP

GGC heuristics: --param ggc-min-expand=100 --param ggc-min-heapsize=131072
ignoring nonexistent directory "/home/com/gcc/11.1.0/bin/../lib/gcc/x86_64-pc-linux-gnu/11.1.0/../../../../x86_64-pc-linux-gnu/include"
ignoring duplicate directory "/home/com/gcc/11.1.0/bin/../lib/gcc/../../lib/gcc/x86_64-pc-linux-gnu/11.1.0/../../../../include/c++/11.1.0"
ignoring duplicate directory "/home/com/gcc/11.1.0/bin/../lib/gcc/../../lib/gcc/x86_64-pc-linux-gnu/11.1.0/../../../../include/c++/11.1.0/x86_64-pc-linux-gnu"
ignoring duplicate directory "/home/com/gcc/11.1.0/bin/../lib/gcc/../../lib/gcc/x86_64-pc-linux-gnu/11.1.0/../../../../include/c++/11.1.0/backward"
ignoring duplicate directory "/home/com/gcc/11.1.0/bin/../lib/gcc/../../lib/gcc/x86_64-pc-linux-gnu/11.1.0/include"
ignoring duplicate directory "/home/com/gcc/11.1.0/bin/../lib/gcc/../../lib/gcc/x86_64-pc-linux-gnu/11.1.0/include-fixed"
ignoring nonexistent directory "/home/com/gcc/11.1.0/bin/../lib/gcc/../../lib/gcc/x86_64-pc-linux-gnu/11.1.0/../../../../x86_64-pc-linux-gnu/include"
#include "..." search starts here:
#include <...> search starts here:
 /com/mpich/3.3.0//include
 /home/com/gcc/11.1.0/bin/../lib/gcc/x86_64-pc-linux-gnu/11.1.0/../../../../include/c++/11.1.0
 /home/com/gcc/11.1.0/bin/../lib/gcc/x86_64-pc-linux-gnu/11.1.0/../../../../include/c++/11.1.0/x86_64-pc-linux-gnu
 /home/com/gcc/11.1.0/bin/../lib/gcc/x86_64-pc-linux-gnu/11.1.0/../../../../include/c++/11.1.0/backward
 /home/com/gcc/11.1.0/bin/../lib/gcc/x86_64-pc-linux-gnu/11.1.0/include
 /home/com/gcc/11.1.0/bin/../lib/gcc/x86_64-pc-linux-gnu/11.1.0/include-fixed
 /usr/local/include
 /home/com/gcc/11.1.0/bin/../lib/gcc/../../include
 /usr/include
End of search list.
GNU C++17 (GCC) version 11.1.0 (x86_64-pc-linux-gnu)
	compiled by GNU C version 11.1.0, GMP version 6.1.0, MPFR version 3.1.4, MPC version 1.0.3, isl version isl-0.18-GMP

GGC heuristics: --param ggc-min-expand=100 --param ggc-min-heapsize=131072
Compiler executable checksum: 1aed90760e5fa77d554f8ca015833091
COLLECT_GCC_OPTIONS='-fopenmp' '-v' '-o' 'CMakeFiles/cmTC_7e742.dir/OpenMPTryFlag.cpp.o' '-c' '-shared-libgcc' '-mtune=generic' '-march=x86-64' '-pthread' '-dumpdir' 'CMakeFiles/cmTC_7e742.dir/'
 as -v --64 -o CMakeFiles/cmTC_7e742.dir/OpenMPTryFlag.cpp.o /tmp/ccSHPeJ5.s
GNU assembler version 2.27 (x86_64-redhat-linux) using BFD version version 2.27-34.base.el7
COMPILER_PATH=/home/com/gcc/11.1.0/bin/../libexec/gcc/x86_64-pc-linux-gnu/11.1.0/:/home/com/gcc/11.1.0/bin/../libexec/gcc/
LIBRARY_PATH=/home/com/gcc/11.1.0/bin/../lib/gcc/x86_64-pc-linux-gnu/11.1.0/:/home/com/gcc/11.1.0/bin/../lib/gcc/:/home/com/gcc/11.1.0/bin/../lib/gcc/x86_64-pc-linux-gnu/11.1.0/../../../../lib64/:/lib/../lib64/:/usr/lib/../lib64/:/home/com/gcc/11.1.0/bin/../lib/gcc/x86_64-pc-linux-gnu/11.1.0/../../../:/lib/:/usr/lib/
COLLECT_GCC_OPTIONS='-fopenmp' '-v' '-o' 'CMakeFiles/cmTC_7e742.dir/OpenMPTryFlag.cpp.o' '-c' '-shared-libgcc' '-mtune=generic' '-march=x86-64' '-pthread' '-dumpdir' 'CMakeFiles/cmTC_7e742.dir/OpenMPTryFlag.cpp.'
Linking CXX executable cmTC_7e742
/home/com/cmake/3.20.2/bin/cmake -E cmake_link_script CMakeFiles/cmTC_7e742.dir/link.txt --verbose=1
/com/gcc/11.1.0/bin/g++  -fopenmp -v -rdynamic CMakeFiles/cmTC_7e742.dir/OpenMPTryFlag.cpp.o -o cmTC_7e742  -v 
Using built-in specs.
COLLECT_GCC=/com/gcc/11.1.0/bin/g++
COLLECT_LTO_WRAPPER=/home/com/gcc/11.1.0/bin/../libexec/gcc/x86_64-pc-linux-gnu/11.1.0/lto-wrapper
Target: x86_64-pc-linux-gnu
Configured with: ./configure --prefix=/com/gcc/11.1.0/ --disable-multilib
Thread model: posix
Supported LTO compression algorithms: zlib
gcc version 11.1.0 (GCC) 
COMPILER_PATH=/home/com/gcc/11.1.0/bin/../libexec/gcc/x86_64-pc-linux-gnu/11.1.0/:/home/com/gcc/11.1.0/bin/../libexec/gcc/
LIBRARY_PATH=/home/com/gcc/11.1.0/bin/../lib/gcc/x86_64-pc-linux-gnu/11.1.0/:/home/com/gcc/11.1.0/bin/../lib/gcc/:/home/com/gcc/11.1.0/bin/../lib/gcc/x86_64-pc-linux-gnu/11.1.0/../../../../lib64/:/lib/../lib64/:/usr/lib/../lib64/:/home/com/gcc/11.1.0/bin/../lib/gcc/x86_64-pc-linux-gnu/11.1.0/../../../:/lib/:/usr/lib/
Reading specs from /home/com/gcc/11.1.0/bin/../lib/gcc/x86_64-pc-linux-gnu/11.1.0/../../../../lib64/libgomp.spec
COLLECT_GCC_OPTIONS='-fopenmp' '-v' '-rdynamic' '-o' 'cmTC_7e742' '-v' '-shared-libgcc' '-mtune=generic' '-march=x86-64' '-pthread' '-dumpdir' 'cmTC_7e742.'
 /home/com/gcc/11.1.0/bin/../libexec/gcc/x86_64-pc-linux-gnu/11.1.0/collect2 -plugin /home/com/gcc/11.1.0/bin/../libexec/gcc/x86_64-pc-linux-gnu/11.1.0/liblto_plugin.so -plugin-opt=/home/com/gcc/11.1.0/bin/../libexec/gcc/x86_64-pc-linux-gnu/11.1.0/lto-wrapper -plugin-opt=-fresolution=/tmp/cc1xPhu7.res -plugin-opt=-pass-through=-lgcc_s -plugin-opt=-pass-through=-lgcc -plugin-opt=-pass-through=-lpthread -plugin-opt=-pass-through=-lc -plugin-opt=-pass-through=-lgcc_s -plugin-opt=-pass-through=-lgcc --eh-frame-hdr -m elf_x86_64 -export-dynamic -dynamic-linker /lib64/ld-linux-x86-64.so.2 -o cmTC_7e742 /lib/../lib64/crt1.o /lib/../lib64/crti.o /home/com/gcc/11.1.0/bin/../lib/gcc/x86_64-pc-linux-gnu/11.1.0/crtbegin.o -L/home/com/gcc/11.1.0/bin/../lib/gcc/x86_64-pc-linux-gnu/11.1.0 -L/home/com/gcc/11.1.0/bin/../lib/gcc -L/home/com/gcc/11.1.0/bin/../lib/gcc/x86_64-pc-linux-gnu/11.1.0/../../../../lib64 -L/lib/../lib64 -L/usr/lib/../lib64 -L/home/com/gcc/11.1.0/bin/../lib/gcc/x86_64-pc-linux-gnu/11.1.0/../../.. CMakeFiles/cmTC_7e742.dir/OpenMPTryFlag.cpp.o -lstdc++ -lm -lgomp -lgcc_s -lgcc -lpthread -lc -lgcc_s -lgcc /home/com/gcc/11.1.0/bin/../lib/gcc/x86_64-pc-linux-gnu/11.1.0/crtend.o /lib/../lib64/crtn.o
COLLECT_GCC_OPTIONS='-fopenmp' '-v' '-rdynamic' '-o' 'cmTC_7e742' '-v' '-shared-libgcc' '-mtune=generic' '-march=x86-64' '-pthread' '-dumpdir' 'cmTC_7e742.'
gmake[1]: Leaving directory `/home/aurelien.vadrot/TOOLS/smarties/build/CMakeFiles/CMakeTmp'



Parsed CXX OpenMP implicit link information from above output:
  link line regex: [^( *|.*[/\])(ld|CMAKE_LINK_STARTFILE-NOTFOUND|([^/\]+-)?ld|collect2)[^/\]*( |$)]
  ignore line: [Change Dir: /home/aurelien.vadrot/TOOLS/smarties/build/CMakeFiles/CMakeTmp]
  ignore line: []
  ignore line: [Run Build Command(s):/usr/bin/gmake -f Makefile cmTC_7e742/fast && /usr/bin/gmake  -f CMakeFiles/cmTC_7e742.dir/build.make CMakeFiles/cmTC_7e742.dir/build]
  ignore line: [gmake[1]: Entering directory `/home/aurelien.vadrot/TOOLS/smarties/build/CMakeFiles/CMakeTmp']
  ignore line: [Building CXX object CMakeFiles/cmTC_7e742.dir/OpenMPTryFlag.cpp.o]
  ignore line: [/com/gcc/11.1.0/bin/g++   -fopenmp -v -o CMakeFiles/cmTC_7e742.dir/OpenMPTryFlag.cpp.o -c /home/aurelien.vadrot/TOOLS/smarties/build/CMakeFiles/FindOpenMP/OpenMPTryFlag.cpp]
  ignore line: [Using built-in specs.]
  ignore line: [COLLECT_GCC=/com/gcc/11.1.0/bin/g++]
  ignore line: [Target: x86_64-pc-linux-gnu]
  ignore line: [Configured with: ./configure --prefix=/com/gcc/11.1.0/ --disable-multilib]
  ignore line: [Thread model: posix]
  ignore line: [Supported LTO compression algorithms: zlib]
  ignore line: [gcc version 11.1.0 (GCC) ]
  ignore line: [COLLECT_GCC_OPTIONS='-fopenmp' '-v' '-o' 'CMakeFiles/cmTC_7e742.dir/OpenMPTryFlag.cpp.o' '-c' '-shared-libgcc' '-mtune=generic' '-march=x86-64' '-pthread' '-dumpdir' 'CMakeFiles/cmTC_7e742.dir/']
  ignore line: [ /home/com/gcc/11.1.0/bin/../libexec/gcc/x86_64-pc-linux-gnu/11.1.0/cc1plus -quiet -v -iprefix /home/com/gcc/11.1.0/bin/../lib/gcc/x86_64-pc-linux-gnu/11.1.0/ -D_GNU_SOURCE -D_REENTRANT /home/aurelien.vadrot/TOOLS/smarties/build/CMakeFiles/FindOpenMP/OpenMPTryFlag.cpp -quiet -dumpdir CMakeFiles/cmTC_7e742.dir/ -dumpbase OpenMPTryFlag.cpp.cpp -dumpbase-ext .cpp -mtune=generic -march=x86-64 -version -fopenmp -o /tmp/ccSHPeJ5.s]
  ignore line: [GNU C++17 (GCC) version 11.1.0 (x86_64-pc-linux-gnu)]
  ignore line: [	compiled by GNU C version 11.1.0  GMP version 6.1.0  MPFR version 3.1.4  MPC version 1.0.3  isl version isl-0.18-GMP]
  ignore line: []
  ignore line: [GGC heuristics: --param ggc-min-expand=100 --param ggc-min-heapsize=131072]
  ignore line: [ignoring nonexistent directory "/home/com/gcc/11.1.0/bin/../lib/gcc/x86_64-pc-linux-gnu/11.1.0/../../../../x86_64-pc-linux-gnu/include"]
  ignore line: [ignoring duplicate directory "/home/com/gcc/11.1.0/bin/../lib/gcc/../../lib/gcc/x86_64-pc-linux-gnu/11.1.0/../../../../include/c++/11.1.0"]
  ignore line: [ignoring duplicate directory "/home/com/gcc/11.1.0/bin/../lib/gcc/../../lib/gcc/x86_64-pc-linux-gnu/11.1.0/../../../../include/c++/11.1.0/x86_64-pc-linux-gnu"]
  ignore line: [ignoring duplicate directory "/home/com/gcc/11.1.0/bin/../lib/gcc/../../lib/gcc/x86_64-pc-linux-gnu/11.1.0/../../../../include/c++/11.1.0/backward"]
  ignore line: [ignoring duplicate directory "/home/com/gcc/11.1.0/bin/../lib/gcc/../../lib/gcc/x86_64-pc-linux-gnu/11.1.0/include"]
  ignore line: [ignoring duplicate directory "/home/com/gcc/11.1.0/bin/../lib/gcc/../../lib/gcc/x86_64-pc-linux-gnu/11.1.0/include-fixed"]
  ignore line: [ignoring nonexistent directory "/home/com/gcc/11.1.0/bin/../lib/gcc/../../lib/gcc/x86_64-pc-linux-gnu/11.1.0/../../../../x86_64-pc-linux-gnu/include"]
  ignore line: [#include "..." search starts here:]
  ignore line: [#include <...> search starts here:]
  ignore line: [ /com/mpich/3.3.0//include]
  ignore line: [ /home/com/gcc/11.1.0/bin/../lib/gcc/x86_64-pc-linux-gnu/11.1.0/../../../../include/c++/11.1.0]
  ignore line: [ /home/com/gcc/11.1.0/bin/../lib/gcc/x86_64-pc-linux-gnu/11.1.0/../../../../include/c++/11.1.0/x86_64-pc-linux-gnu]
  ignore line: [ /home/com/gcc/11.1.0/bin/../lib/gcc/x86_64-pc-linux-gnu/11.1.0/../../../../include/c++/11.1.0/backward]
  ignore line: [ /home/com/gcc/11.1.0/bin/../lib/gcc/x86_64-pc-linux-gnu/11.1.0/include]
  ignore line: [ /home/com/gcc/11.1.0/bin/../lib/gcc/x86_64-pc-linux-gnu/11.1.0/include-fixed]
  ignore line: [ /usr/local/include]
  ignore line: [ /home/com/gcc/11.1.0/bin/../lib/gcc/../../include]
  ignore line: [ /usr/include]
  ignore line: [End of search list.]
  ignore line: [GNU C++17 (GCC) version 11.1.0 (x86_64-pc-linux-gnu)]
  ignore line: [	compiled by GNU C version 11.1.0  GMP version 6.1.0  MPFR version 3.1.4  MPC version 1.0.3  isl version isl-0.18-GMP]
  ignore line: []
  ignore line: [GGC heuristics: --param ggc-min-expand=100 --param ggc-min-heapsize=131072]
  ignore line: [Compiler executable checksum: 1aed90760e5fa77d554f8ca015833091]
  ignore line: [COLLECT_GCC_OPTIONS='-fopenmp' '-v' '-o' 'CMakeFiles/cmTC_7e742.dir/OpenMPTryFlag.cpp.o' '-c' '-shared-libgcc' '-mtune=generic' '-march=x86-64' '-pthread' '-dumpdir' 'CMakeFiles/cmTC_7e742.dir/']
  ignore line: [ as -v --64 -o CMakeFiles/cmTC_7e742.dir/OpenMPTryFlag.cpp.o /tmp/ccSHPeJ5.s]
  ignore line: [GNU assembler version 2.27 (x86_64-redhat-linux) using BFD version version 2.27-34.base.el7]
  ignore line: [COMPILER_PATH=/home/com/gcc/11.1.0/bin/../libexec/gcc/x86_64-pc-linux-gnu/11.1.0/:/home/com/gcc/11.1.0/bin/../libexec/gcc/]
  ignore line: [LIBRARY_PATH=/home/com/gcc/11.1.0/bin/../lib/gcc/x86_64-pc-linux-gnu/11.1.0/:/home/com/gcc/11.1.0/bin/../lib/gcc/:/home/com/gcc/11.1.0/bin/../lib/gcc/x86_64-pc-linux-gnu/11.1.0/../../../../lib64/:/lib/../lib64/:/usr/lib/../lib64/:/home/com/gcc/11.1.0/bin/../lib/gcc/x86_64-pc-linux-gnu/11.1.0/../../../:/lib/:/usr/lib/]
  ignore line: [COLLECT_GCC_OPTIONS='-fopenmp' '-v' '-o' 'CMakeFiles/cmTC_7e742.dir/OpenMPTryFlag.cpp.o' '-c' '-shared-libgcc' '-mtune=generic' '-march=x86-64' '-pthread' '-dumpdir' 'CMakeFiles/cmTC_7e742.dir/OpenMPTryFlag.cpp.']
  ignore line: [Linking CXX executable cmTC_7e742]
  ignore line: [/home/com/cmake/3.20.2/bin/cmake -E cmake_link_script CMakeFiles/cmTC_7e742.dir/link.txt --verbose=1]
  ignore line: [/com/gcc/11.1.0/bin/g++  -fopenmp -v -rdynamic CMakeFiles/cmTC_7e742.dir/OpenMPTryFlag.cpp.o -o cmTC_7e742  -v ]
  ignore line: [Using built-in specs.]
  ignore line: [COLLECT_GCC=/com/gcc/11.1.0/bin/g++]
  ignore line: [COLLECT_LTO_WRAPPER=/home/com/gcc/11.1.0/bin/../libexec/gcc/x86_64-pc-linux-gnu/11.1.0/lto-wrapper]
  ignore line: [Target: x86_64-pc-linux-gnu]
  ignore line: [Configured with: ./configure --prefix=/com/gcc/11.1.0/ --disable-multilib]
  ignore line: [Thread model: posix]
  ignore line: [Supported LTO compression algorithms: zlib]
  ignore line: [gcc version 11.1.0 (GCC) ]
  ignore line: [COMPILER_PATH=/home/com/gcc/11.1.0/bin/../libexec/gcc/x86_64-pc-linux-gnu/11.1.0/:/home/com/gcc/11.1.0/bin/../libexec/gcc/]
  ignore line: [LIBRARY_PATH=/home/com/gcc/11.1.0/bin/../lib/gcc/x86_64-pc-linux-gnu/11.1.0/:/home/com/gcc/11.1.0/bin/../lib/gcc/:/home/com/gcc/11.1.0/bin/../lib/gcc/x86_64-pc-linux-gnu/11.1.0/../../../../lib64/:/lib/../lib64/:/usr/lib/../lib64/:/home/com/gcc/11.1.0/bin/../lib/gcc/x86_64-pc-linux-gnu/11.1.0/../../../:/lib/:/usr/lib/]
  ignore line: [Reading specs from /home/com/gcc/11.1.0/bin/../lib/gcc/x86_64-pc-linux-gnu/11.1.0/../../../../lib64/libgomp.spec]
  ignore line: [COLLECT_GCC_OPTIONS='-fopenmp' '-v' '-rdynamic' '-o' 'cmTC_7e742' '-v' '-shared-libgcc' '-mtune=generic' '-march=x86-64' '-pthread' '-dumpdir' 'cmTC_7e742.']
  link line: [ /home/com/gcc/11.1.0/bin/../libexec/gcc/x86_64-pc-linux-gnu/11.1.0/collect2 -plugin /home/com/gcc/11.1.0/bin/../libexec/gcc/x86_64-pc-linux-gnu/11.1.0/liblto_plugin.so -plugin-opt=/home/com/gcc/11.1.0/bin/../libexec/gcc/x86_64-pc-linux-gnu/11.1.0/lto-wrapper -plugin-opt=-fresolution=/tmp/cc1xPhu7.res -plugin-opt=-pass-through=-lgcc_s -plugin-opt=-pass-through=-lgcc -plugin-opt=-pass-through=-lpthread -plugin-opt=-pass-through=-lc -plugin-opt=-pass-through=-lgcc_s -plugin-opt=-pass-through=-lgcc --eh-frame-hdr -m elf_x86_64 -export-dynamic -dynamic-linker /lib64/ld-linux-x86-64.so.2 -o cmTC_7e742 /lib/../lib64/crt1.o /lib/../lib64/crti.o /home/com/gcc/11.1.0/bin/../lib/gcc/x86_64-pc-linux-gnu/11.1.0/crtbegin.o -L/home/com/gcc/11.1.0/bin/../lib/gcc/x86_64-pc-linux-gnu/11.1.0 -L/home/com/gcc/11.1.0/bin/../lib/gcc -L/home/com/gcc/11.1.0/bin/../lib/gcc/x86_64-pc-linux-gnu/11.1.0/../../../../lib64 -L/lib/../lib64 -L/usr/lib/../lib64 -L/home/com/gcc/11.1.0/bin/../lib/gcc/x86_64-pc-linux-gnu/11.1.0/../../.. CMakeFiles/cmTC_7e742.dir/OpenMPTryFlag.cpp.o -lstdc++ -lm -lgomp -lgcc_s -lgcc -lpthread -lc -lgcc_s -lgcc /home/com/gcc/11.1.0/bin/../lib/gcc/x86_64-pc-linux-gnu/11.1.0/crtend.o /lib/../lib64/crtn.o]
    arg [/home/com/gcc/11.1.0/bin/../libexec/gcc/x86_64-pc-linux-gnu/11.1.0/collect2] ==> ignore
    arg [-plugin] ==> ignore
    arg [/home/com/gcc/11.1.0/bin/../libexec/gcc/x86_64-pc-linux-gnu/11.1.0/liblto_plugin.so] ==> ignore
    arg [-plugin-opt=/home/com/gcc/11.1.0/bin/../libexec/gcc/x86_64-pc-linux-gnu/11.1.0/lto-wrapper] ==> ignore
    arg [-plugin-opt=-fresolution=/tmp/cc1xPhu7.res] ==> ignore
    arg [-plugin-opt=-pass-through=-lgcc_s] ==> ignore
    arg [-plugin-opt=-pass-through=-lgcc] ==> ignore
    arg [-plugin-opt=-pass-through=-lpthread] ==> ignore
    arg [-plugin-opt=-pass-through=-lc] ==> ignore
    arg [-plugin-opt=-pass-through=-lgcc_s] ==> ignore
    arg [-plugin-opt=-pass-through=-lgcc] ==> ignore
    arg [--eh-frame-hdr] ==> ignore
    arg [-m] ==> ignore
    arg [elf_x86_64] ==> ignore
    arg [-export-dynamic] ==> ignore
    arg [-dynamic-linker] ==> ignore
    arg [/lib64/ld-linux-x86-64.so.2] ==> ignore
    arg [-o] ==> ignore
    arg [cmTC_7e742] ==> ignore
    arg [-L/home/com/gcc/11.1.0/bin/../lib/gcc/x86_64-pc-linux-gnu/11.1.0] ==> dir [/home/com/gcc/11.1.0/bin/../lib/gcc/x86_64-pc-linux-gnu/11.1.0]
    arg [-L/home/com/gcc/11.1.0/bin/../lib/gcc] ==> dir [/home/com/gcc/11.1.0/bin/../lib/gcc]
    arg [-L/home/com/gcc/11.1.0/bin/../lib/gcc/x86_64-pc-linux-gnu/11.1.0/../../../../lib64] ==> dir [/home/com/gcc/11.1.0/bin/../lib/gcc/x86_64-pc-linux-gnu/11.1.0/../../../../lib64]
    arg [-L/lib/../lib64] ==> dir [/lib/../lib64]
    arg [-L/usr/lib/../lib64] ==> dir [/usr/lib/../lib64]
    arg [-L/home/com/gcc/11.1.0/bin/../lib/gcc/x86_64-pc-linux-gnu/11.1.0/../../..] ==> dir [/home/com/gcc/11.1.0/bin/../lib/gcc/x86_64-pc-linux-gnu/11.1.0/../../..]
    arg [CMakeFiles/cmTC_7e742.dir/OpenMPTryFlag.cpp.o] ==> ignore
    arg [-lstdc++] ==> lib [stdc++]
    arg [-lm] ==> lib [m]
    arg [-lgomp] ==> lib [gomp]
    arg [-lgcc_s] ==> lib [gcc_s]
    arg [-lgcc] ==> lib [gcc]
    arg [-lpthread] ==> lib [pthread]
    arg [-lc] ==> lib [c]
    arg [-lgcc_s] ==> lib [gcc_s]
    arg [-lgcc] ==> lib [gcc]
  collapse library dir [/home/com/gcc/11.1.0/bin/../lib/gcc/x86_64-pc-linux-gnu/11.1.0] ==> [/home/com/gcc/11.1.0/lib/gcc/x86_64-pc-linux-gnu/11.1.0]
  collapse library dir [/home/com/gcc/11.1.0/bin/../lib/gcc] ==> [/home/com/gcc/11.1.0/lib/gcc]
  collapse library dir [/home/com/gcc/11.1.0/bin/../lib/gcc/x86_64-pc-linux-gnu/11.1.0/../../../../lib64] ==> [/home/com/gcc/11.1.0/lib64]
  collapse library dir [/lib/../lib64] ==> [/lib64]
  collapse library dir [/usr/lib/../lib64] ==> [/usr/lib64]
  collapse library dir [/home/com/gcc/11.1.0/bin/../lib/gcc/x86_64-pc-linux-gnu/11.1.0/../../..] ==> [/home/com/gcc/11.1.0/lib]
  implicit libs: [stdc++;m;gomp;gcc_s;gcc;pthread;c;gcc_s;gcc]
  implicit objs: []
  implicit dirs: [/home/com/gcc/11.1.0/lib/gcc/x86_64-pc-linux-gnu/11.1.0;/home/com/gcc/11.1.0/lib/gcc;/home/com/gcc/11.1.0/lib64;/lib64;/usr/lib64;/home/com/gcc/11.1.0/lib]
  implicit fwks: []


Determining if the include file pthread.h exists passed with the following output:
Change Dir: /home/aurelien.vadrot/TOOLS/smarties/build/CMakeFiles/CMakeTmp

Run Build Command(s):/usr/bin/gmake -f Makefile cmTC_4224a/fast && /usr/bin/gmake  -f CMakeFiles/cmTC_4224a.dir/build.make CMakeFiles/cmTC_4224a.dir/build
gmake[1]: Entering directory `/home/aurelien.vadrot/TOOLS/smarties/build/CMakeFiles/CMakeTmp'
Building C object CMakeFiles/cmTC_4224a.dir/CheckIncludeFile.c.o
/com/gcc/11.1.0/bin/gcc    -o CMakeFiles/cmTC_4224a.dir/CheckIncludeFile.c.o -c /home/aurelien.vadrot/TOOLS/smarties/build/CMakeFiles/CMakeTmp/CheckIncludeFile.c
Linking C executable cmTC_4224a
/home/com/cmake/3.20.2/bin/cmake -E cmake_link_script CMakeFiles/cmTC_4224a.dir/link.txt --verbose=1
/com/gcc/11.1.0/bin/gcc -rdynamic CMakeFiles/cmTC_4224a.dir/CheckIncludeFile.c.o -o cmTC_4224a 
gmake[1]: Leaving directory `/home/aurelien.vadrot/TOOLS/smarties/build/CMakeFiles/CMakeTmp'



Determining if the function pthread_create exists in the pthread passed with the following output:
Change Dir: /home/aurelien.vadrot/TOOLS/smarties/build/CMakeFiles/CMakeTmp

Run Build Command(s):/usr/bin/gmake -f Makefile cmTC_5ac8e/fast && /usr/bin/gmake  -f CMakeFiles/cmTC_5ac8e.dir/build.make CMakeFiles/cmTC_5ac8e.dir/build
gmake[1]: Entering directory `/home/aurelien.vadrot/TOOLS/smarties/build/CMakeFiles/CMakeTmp'
Building C object CMakeFiles/cmTC_5ac8e.dir/CheckFunctionExists.c.o
/com/gcc/11.1.0/bin/gcc   -DCHECK_FUNCTION_EXISTS=pthread_create -o CMakeFiles/cmTC_5ac8e.dir/CheckFunctionExists.c.o -c /home/com/cmake/3.20.2/share/cmake-3.20/Modules/CheckFunctionExists.c
Linking C executable cmTC_5ac8e
/home/com/cmake/3.20.2/bin/cmake -E cmake_link_script CMakeFiles/cmTC_5ac8e.dir/link.txt --verbose=1
/com/gcc/11.1.0/bin/gcc  -DCHECK_FUNCTION_EXISTS=pthread_create -rdynamic CMakeFiles/cmTC_5ac8e.dir/CheckFunctionExists.c.o -o cmTC_5ac8e  -lpthread 
gmake[1]: Leaving directory `/home/aurelien.vadrot/TOOLS/smarties/build/CMakeFiles/CMakeTmp'



Determining if the function sgemm_ exists passed with the following output:
Change Dir: /home/aurelien.vadrot/TOOLS/smarties/build/CMakeFiles/CMakeTmp

Run Build Command(s):/usr/bin/gmake -f Makefile cmTC_fb141/fast && /usr/bin/gmake  -f CMakeFiles/cmTC_fb141.dir/build.make CMakeFiles/cmTC_fb141.dir/build
gmake[1]: Entering directory `/home/aurelien.vadrot/TOOLS/smarties/build/CMakeFiles/CMakeTmp'
Building C object CMakeFiles/cmTC_fb141.dir/CheckFunctionExists.c.o
/com/gcc/11.1.0/bin/gcc   -DCHECK_FUNCTION_EXISTS=sgemm_ -o CMakeFiles/cmTC_fb141.dir/CheckFunctionExists.c.o -c /home/com/cmake/3.20.2/share/cmake-3.20/Modules/CheckFunctionExists.c
Linking C executable cmTC_fb141
/home/com/cmake/3.20.2/bin/cmake -E cmake_link_script CMakeFiles/cmTC_fb141.dir/link.txt --verbose=1
/com/gcc/11.1.0/bin/gcc  -DCHECK_FUNCTION_EXISTS=sgemm_ -rdynamic CMakeFiles/cmTC_fb141.dir/CheckFunctionExists.c.o -o cmTC_fb141  /usr/lib64/libblas.so 
gmake[1]: Leaving directory `/home/aurelien.vadrot/TOOLS/smarties/build/CMakeFiles/CMakeTmp'



Performing C++ SOURCE FILE Test HAS_CPP14_FLAG succeeded with the following output:
Change Dir: /home/aurelien.vadrot/TOOLS/smarties/build/CMakeFiles/CMakeTmp

Run Build Command(s):/usr/bin/gmake -f Makefile cmTC_0ff45/fast && /usr/bin/gmake  -f CMakeFiles/cmTC_0ff45.dir/build.make CMakeFiles/cmTC_0ff45.dir/build
gmake[1]: Entering directory `/home/aurelien.vadrot/TOOLS/smarties/build/CMakeFiles/CMakeTmp'
Building CXX object CMakeFiles/cmTC_0ff45.dir/src.cxx.o
/com/gcc/11.1.0/bin/g++ -DHAS_CPP14_FLAG  -std=c++14 -o CMakeFiles/cmTC_0ff45.dir/src.cxx.o -c /home/aurelien.vadrot/TOOLS/smarties/build/CMakeFiles/CMakeTmp/src.cxx
Linking CXX executable cmTC_0ff45
/home/com/cmake/3.20.2/bin/cmake -E cmake_link_script CMakeFiles/cmTC_0ff45.dir/link.txt --verbose=1
/com/gcc/11.1.0/bin/g++ -rdynamic CMakeFiles/cmTC_0ff45.dir/src.cxx.o -o cmTC_0ff45 
gmake[1]: Leaving directory `/home/aurelien.vadrot/TOOLS/smarties/build/CMakeFiles/CMakeTmp'


Source file was:
int main() { return 0; }
